#
# There is insufficient memory for the Java Runtime Environment to continue.
# Native memory allocation (mmap) failed to map 67108864 bytes for Failed to commit area from 0x00000000c1600000 to 0x00000000c5600000 of length 67108864.
# Possible reasons:
#   The system is out of physical RAM or swap space
#   The process is running with CompressedOops enabled, and the Java Heap may be blocking the growth of the native heap
# Possible solutions:
#   Reduce memory load on the system
#   Increase physical memory or swap space
#   Check if swap backing store is full
#   Decrease Java heap size (-Xmx/-Xms)
#   Decrease number of Java threads
#   Decrease Java thread stack sizes (-Xss)
#   Set larger code cache with -XX:ReservedCodeCacheSize=
#   JVM is running with Unscaled Compressed Oops mode in which the Java heap is
#     placed in the first 4GB address space. The Java Heap base address is the
#     maximum limit for the native heap growth. Please use -XX:HeapBaseMinAddress
#     to set the Java Heap base and to place the Java Heap above 4GB virtual address.
# This output file may be truncated or incomplete.
#
#  Out of Memory Error (./open/src/hotspot/os/windows/os_windows.cpp:3315), pid=16580, tid=12336
#
# JRE version:  (14.0.1+7) (build )
# Java VM: Java HotSpot(TM) 64-Bit Server VM (14.0.1+7, mixed mode, sharing, tiered, compressed oops, g1 gc, windows-amd64)
# No core dump will be written. Minidumps are not enabled by default on client versions of Windows
#

---------------  S U M M A R Y ------------

Command Line: -Dfile.encoding=Cp1252 --module-path=C:\Users\Administrator\eclipse-workspace\Fridge_Organizer\bin -Djdk.module.main=Fridge_Organizer Fridge_Organizer/frontend.Login

Host: Intel(R) Core(TM) i3-5005U CPU @ 2.00GHz, 4 cores, 3G,  Windows 10 , 64 bit Build 18362 (10.0.18362.778)
Time: Sun Jul 19 17:04:24 2020 India Standard Time elapsed time: 0 seconds (0d 0h 0m 0s)

---------------  T H R E A D  ---------------

Current thread (0x000001953e79a800):  JavaThread "Unknown thread" [_thread_in_vm, id=12336, stack(0x0000006c0e500000,0x0000006c0e600000)]

Stack: [0x0000006c0e500000,0x0000006c0e600000]
Native frames: (J=compiled Java code, j=interpreted, Vv=VM code, C=native code)
V  [jvm.dll+0x5f840a]
V  [jvm.dll+0x741e4a]
V  [jvm.dll+0x7435ff]
V  [jvm.dll+0x743c43]
V  [jvm.dll+0x20d288]
V  [jvm.dll+0x5f57ba]
V  [jvm.dll+0x5ea615]
V  [jvm.dll+0x2c7e9c]
V  [jvm.dll+0x2c7cd2]
V  [jvm.dll+0x2cdbbc]
V  [jvm.dll+0x313ff8]
V  [jvm.dll+0x313720]
V  [jvm.dll+0x2a092a]
V  [jvm.dll+0x2a1a79]
V  [jvm.dll+0x71f718]
V  [jvm.dll+0x321c44]
V  [jvm.dll+0x700b0c]
V  [jvm.dll+0x392dff]
V  [jvm.dll+0x394e71]
C  [jli.dll+0x523b]
C  [ucrtbase.dll+0x20e82]
C  [KERNEL32.DLL+0x17bd4]
C  [ntdll.dll+0x6ce51]


---------------  P R O C E S S  ---------------

Threads class SMR info:
_java_thread_list=0x00007ffca27b3078, length=0, elements={
}

Java Threads: ( => current thread )

Other Threads:
  0x000001953e7c9000 GCTaskThread "GC Thread#0" [stack: 0x0000006c0e600000,0x0000006c0e700000] [id=17216]
  0x000001953e7d6000 ConcurrentGCThread "G1 Main Marker" [stack: 0x0000006c0e700000,0x0000006c0e800000] [id=17020]
  0x000001953e7d7800 ConcurrentGCThread "G1 Conc#0" [stack: 0x0000006c0e800000,0x0000006c0e900000] [id=16784]

[error occurred during error reporting (printing all threads), id 0xc0000005, EXCEPTION_ACCESS_VIOLATION (0xc0000005) at pc=0x00007ffca1fe1257]

VM state:not at safepoint (not fully initialized)

VM Mutex/Monitor currently owned by a thread:  ([mutex/lock_event])
[0x000001953e796260] Heap_lock - owner thread: 0x000001953e79a800

Heap address: 0x00000000c1600000, size: 1002 MB, Compressed Oops mode: 32-bit
Narrow klass base: 0x0000000000000000, Narrow klass shift: 0

GC Heap History (0 events):
No events

Deoptimization events (0 events):
No events

Classes unloaded (0 events):
No events

Classes redefined (0 events):
No events

Internal exceptions (0 events):
No events

Events (2 events):
Event: 0.019 Loaded shared library C:\Program Files\Java\jdk-14.0.1\bin\java.dll
Event: 0.022 Loaded shared library C:\Program Files\Java\jdk-14.0.1\bin\zip.dll


Dynamic libraries:
0x00007ff7645c0000 - 0x00007ff7645cf000 	C:\Program Files\Java\jdk-14.0.1\bin\javaw.exe
0x00007ffcd6180000 - 0x00007ffcd6370000 	C:\WINDOWS\SYSTEM32\ntdll.dll
0x00007ffcd4680000 - 0x00007ffcd4732000 	C:\WINDOWS\System32\KERNEL32.DLL
0x00007ffcd3920000 - 0x00007ffcd3bc4000 	C:\WINDOWS\System32\KERNELBASE.dll
0x00007ffcd3ee0000 - 0x00007ffcd3fda000 	C:\WINDOWS\System32\ucrtbase.dll
0x00007ffcc7840000 - 0x00007ffcc7855000 	C:\Program Files\Java\jdk-14.0.1\bin\VCRUNTIME140.dll
0x00007ffcc7790000 - 0x00007ffcc77a8000 	C:\Program Files\Java\jdk-14.0.1\bin\jli.dll
0x00007ffcd4230000 - 0x00007ffcd42d3000 	C:\WINDOWS\System32\ADVAPI32.dll
0x00007ffcd4350000 - 0x00007ffcd43ee000 	C:\WINDOWS\System32\msvcrt.dll
0x00007ffcd44d0000 - 0x00007ffcd4567000 	C:\WINDOWS\System32\sechost.dll
0x00007ffcd56d0000 - 0x00007ffcd57f0000 	C:\WINDOWS\System32\RPCRT4.dll
0x00007ffcd57f0000 - 0x00007ffcd5984000 	C:\WINDOWS\System32\USER32.dll
0x00007ffcd3110000 - 0x00007ffcd3131000 	C:\WINDOWS\System32\win32u.dll
0x00007ffcd43f0000 - 0x00007ffcd4416000 	C:\WINDOWS\System32\GDI32.dll
0x00007ffcd4090000 - 0x00007ffcd4224000 	C:\WINDOWS\System32\gdi32full.dll
0x00007ffcd3dd0000 - 0x00007ffcd3e6e000 	C:\WINDOWS\System32\msvcp_win.dll
0x00007ffcc7180000 - 0x00007ffcc7404000 	C:\WINDOWS\WinSxS\amd64_microsoft.windows.common-controls_6595b64144ccf1df_6.0.18362.836_none_e6c4b943130f18ed\COMCTL32.dll
0x00007ffcd5dd0000 - 0x00007ffcd6106000 	C:\WINDOWS\System32\combase.dll
0x00007ffcd4010000 - 0x00007ffcd4090000 	C:\WINDOWS\System32\bcryptPrimitives.dll
0x00007ffcc8680000 - 0x00007ffcc868a000 	C:\WINDOWS\SYSTEM32\VERSION.dll
0x00007ffcd6110000 - 0x00007ffcd613e000 	C:\WINDOWS\System32\IMM32.DLL
0x00007ffcc76f0000 - 0x00007ffcc778b000 	C:\Program Files\Java\jdk-14.0.1\bin\msvcp140.dll
0x00007ffca1d30000 - 0x00007ffca284e000 	C:\Program Files\Java\jdk-14.0.1\bin\server\jvm.dll
0x00007ffcd56c0000 - 0x00007ffcd56c8000 	C:\WINDOWS\System32\PSAPI.DLL
0x00007ffcbe760000 - 0x00007ffcbe769000 	C:\WINDOWS\SYSTEM32\WSOCK32.dll
0x00007ffcd5c80000 - 0x00007ffcd5cef000 	C:\WINDOWS\System32\WS2_32.dll
0x00007ffcd0860000 - 0x00007ffcd0884000 	C:\WINDOWS\SYSTEM32\WINMM.dll
0x00007ffcd0830000 - 0x00007ffcd085d000 	C:\WINDOWS\SYSTEM32\WINMMBASE.dll
0x00007ffcd3e90000 - 0x00007ffcd3eda000 	C:\WINDOWS\System32\cfgmgr32.dll
0x00007ffcd3050000 - 0x00007ffcd3061000 	C:\WINDOWS\System32\kernel.appcore.dll
0x00007ffcc9600000 - 0x00007ffcc960a000 	C:\Program Files\Java\jdk-14.0.1\bin\jimage.dll
0x00007ffcd1a20000 - 0x00007ffcd1c14000 	C:\WINDOWS\SYSTEM32\DBGHELP.DLL
0x00007ffcc16b0000 - 0x00007ffcc16da000 	C:\WINDOWS\SYSTEM32\dbgcore.DLL
0x00007ffcbd120000 - 0x00007ffcbd145000 	C:\Program Files\Java\jdk-14.0.1\bin\java.dll
0x00007ffcbc9d0000 - 0x00007ffcbc9e6000 	C:\Program Files\Java\jdk-14.0.1\bin\zip.dll

dbghelp: loaded successfully - version: 4.0.5 - missing functions: none
symbol engine: initialized successfully - sym options: 0x614 - pdb path: .;C:\Program Files\Java\jdk-14.0.1\bin;C:\WINDOWS\SYSTEM32;C:\WINDOWS\WinSxS\amd64_microsoft.windows.common-controls_6595b64144ccf1df_6.0.18362.836_none_e6c4b943130f18ed;C:\Program Files\Java\jdk-14.0.1\bin\server

VM Arguments:
jvm_args: -Dfile.encoding=Cp1252 --module-path=C:\Users\Administrator\eclipse-workspace\Fridge_Organizer\bin -Djdk.module.main=Fridge_Organizer 
java_command: Fridge_Organizer/frontend.Login
java_class_path (initial): D:\Bootcamp\Database Driver JAR files\mysql-connector-java-5.1.5-bin.jar
Launcher Type: SUN_STANDARD

[Global flags]
     intx CICompilerCount                          = 3                                         {product} {ergonomic}
     uint ConcGCThreads                            = 1                                         {product} {ergonomic}
     uint G1ConcRefinementThreads                  = 4                                         {product} {ergonomic}
   size_t G1HeapRegionSize                         = 1048576                                   {product} {ergonomic}
    uintx GCDrainStackTargetSize                   = 64                                        {product} {ergonomic}
   size_t InitialHeapSize                          = 67108864                                  {product} {ergonomic}
   size_t MarkStackSize                            = 4194304                                   {product} {ergonomic}
   size_t MaxHeapSize                              = 1050673152                                {product} {ergonomic}
   size_t MinHeapDeltaBytes                        = 1048576                                   {product} {ergonomic}
   size_t MinHeapSize                              = 8388608                                   {product} {ergonomic}
    uintx NonNMethodCodeHeapSize                   = 5832780                                {pd product} {ergonomic}
    uintx NonProfiledCodeHeapSize                  = 122912730                              {pd product} {ergonomic}
    uintx ProfiledCodeHeapSize                     = 122912730                              {pd product} {ergonomic}
    uintx ReservedCodeCacheSize                    = 251658240                              {pd product} {ergonomic}
     bool SegmentedCodeCache                       = true                                      {product} {ergonomic}
   size_t SoftMaxHeapSize                          = 1050673152                             {manageable} {ergonomic}
     bool UseCompressedClassPointers               = true                                 {lp64_product} {ergonomic}
     bool UseCompressedOops                        = true                                 {lp64_product} {ergonomic}
     bool UseG1GC                                  = true                                      {product} {ergonomic}
     bool UseLargePagesIndividualAllocation        = false                                  {pd product} {ergonomic}

Logging:
Log output configuration:
 #0: stdout all=warning uptime,level,tags
 #1: stderr all=off uptime,level,tags

Environment Variables:
JAVA_HOME=D:\Android\openjdk
PATH=D:/Android/openjdk/bin/../jre/bin/server;D:/Android/openjdk/bin/../jre/bin;D:/Android/openjdk/bin/../jre/lib/amd64;C:\WINDOWS\system32;C:\WINDOWS;C:\WINDOWS\System32\Wbem;C:\WINDOWS\System32\WindowsPowerShell\v1.0\;C:\WINDOWS\System32\OpenSSH\;C:\TDM-GCC-64\bin;D:\Android\sdk;D:\Android\flutter\bin;D:\Android\sdk\bin;C:\Program Files\Git\cmd;D:\Android\openjdk\bin;C:\Users\Administrator\AppData\Local\Programs\Python\Python38\Scripts\;C:\Users\Administrator\AppData\Local\Programs\Python\Python38\;C:\WINDOWS\system32;C:\WINDOWS;C:\WINDOWS\System32\Wbem;C:\WINDOWS\System32\WindowsPowerShell\v1.0\;C:\WINDOWS\System32\OpenSSH\;C:\TDM-GCC-64\bin;C:\Users\Administrator\AppData\Local\Microsoft\WindowsApps;;C:\Users\Administrator\AppData\Local\Programs\Microsoft VS Code\bin;D:\Android\sdk;D:\Android\sdk\bin;D:\Android\flutter\bin;C:\WINDOWS\system32;
USERNAME=Administrator
OS=Windows_NT
PROCESSOR_IDENTIFIER=Intel64 Family 6 Model 61 Stepping 4, GenuineIntel



---------------  S Y S T E M  ---------------

OS: Windows 10 , 64 bit Build 18362 (10.0.18362.778)
OS uptime: 0 days 6:32 hours

CPU:total 4 (initial active 4) (2 cores per cpu, 2 threads per core) family 6 model 61 stepping 4, cmov, cx8, fxsr, mmx, sse, sse2, sse3, ssse3, sse4.1, sse4.2, popcnt, avx, avx2, aes, clmul, erms, 3dnowpref, lzcnt, ht, tsc, tscinvbit, bmi1, bmi2, adx, fma

Memory: 4k page, system-wide physical 4005M (476M free)
TotalPageFile size 16293M (AvailPageFile size 64M)
current process WorkingSet (physical memory assigned to process): 10M, peak: 10M
current process commit charge ("private bytes"): 51M, peak: 115M

vm_info: Java HotSpot(TM) 64-Bit Server VM (14.0.1+7) for windows-amd64 JRE (14.0.1+7), built on Mar  5 2020 10:30:14 by "mach5one" with MS VC++ 15.9 (VS2017)

END.
