#
# There is insufficient memory for the Java Runtime Environment to continue.
# Native memory allocation (malloc) failed to allocate 1048576 bytes for AllocateHeap
# Possible reasons:
#   The system is out of physical RAM or swap space
#   The process is running with CompressedOops enabled, and the Java Heap may be blocking the growth of the native heap
# Possible solutions:
#   Reduce memory load on the system
#   Increase physical memory or swap space
#   Check if swap backing store is full
#   Decrease Java heap size (-Xmx/-Xms)
#   Decrease number of Java threads
#   Decrease Java thread stack sizes (-Xss)
#   Set larger code cache with -XX:ReservedCodeCacheSize=
#   JVM is running with Unscaled Compressed Oops mode in which the Java heap is
#     placed in the first 4GB address space. The Java Heap base address is the
#     maximum limit for the native heap growth. Please use -XX:HeapBaseMinAddress
#     to set the Java Heap base and to place the Java Heap above 4GB virtual address.
# This output file may be truncated or incomplete.
#
#  Out of Memory Error (./open/src/hotspot/share/memory/allocation.cpp:44), pid=15620, tid=16900
#
# JRE version: Java(TM) SE Runtime Environment (14.0.1+7) (build 14.0.1+7)
# Java VM: Java HotSpot(TM) 64-Bit Server VM (14.0.1+7, mixed mode, tiered, compressed oops, g1 gc, windows-amd64)
# No core dump will be written. Minidumps are not enabled by default on client versions of Windows
#

---------------  S U M M A R Y ------------

Command Line: -Dfile.encoding=Cp1252 --module-path=C:\Users\Administrator\eclipse-workspace\Fridge_Organizer\bin -Djdk.module.main=Fridge_Organizer Fridge_Organizer/frontend.Login

Host: Intel(R) Core(TM) i3-5005U CPU @ 2.00GHz, 4 cores, 3G,  Windows 10 , 64 bit Build 18362 (10.0.18362.778)
Time: Sun Jul 19 17:10:31 2020 India Standard Time elapsed time: 0 seconds (0d 0h 0m 0s)

---------------  T H R E A D  ---------------

Current thread (0x000001a923b39000):  VMThread "VM Thread" [stack: 0x000000281a500000,0x000000281a600000] [id=16900]

Stack: [0x000000281a500000,0x000000281a600000]
[error occurred during error reporting (printing stack bounds), id 0xc0000005, EXCEPTION_ACCESS_VIOLATION (0xc0000005) at pc=0x000001a9101110ad]

Native frames: (J=compiled Java code, j=interpreted, Vv=VM code, C=native code)
V  [jvm.dll+0x5f840a]
V  [jvm.dll+0x741e4a]
V  [jvm.dll+0x7435ff]
V  [jvm.dll+0x743ba5]
V  [jvm.dll+0x743b5b]
V  [jvm.dll+0x5f793f]
V  [jvm.dll+0x5f80a8]
C  [ntdll.dll+0xa11cf]
C  [ntdll.dll+0x6a209]
C  [ntdll.dll+0x9fe3e]
C  0x000001a9101110ad

VM_Operation (0x0000002819ffd010): CollectForMetadataAllocation, mode: safepoint, requested by thread 0x000001a90796b800


---------------  P R O C E S S  ---------------

Threads class SMR info:
_java_thread_list=0x000001a923b98aa0, length=9, elements={
0x000001a90796b800, 0x000001a923b4e800, 0x000001a923b57800, 0x000001a923b76800,
0x000001a923b7b800, 0x000001a923b7d800, 0x000001a923b97800, 0x000001a9644d8800,
0x000001a923b9c800
}

Java Threads: ( => current thread )
  0x000001a90796b800 JavaThread "main" [_thread_blocked, id=17060, stack(0x0000002819f00000,0x000000281a000000)]
  0x000001a923b4e800 JavaThread "Reference Handler" daemon [_thread_blocked, id=15828, stack(0x000000281a600000,0x000000281a700000)]
  0x000001a923b57800 JavaThread "Finalizer" daemon [_thread_blocked, id=1156, stack(0x000000281a700000,0x000000281a800000)]
  0x000001a923b76800 JavaThread "Signal Dispatcher" daemon [_thread_blocked, id=14880, stack(0x000000281a800000,0x000000281a900000)]
  0x000001a923b7b800 JavaThread "Attach Listener" daemon [_thread_blocked, id=16880, stack(0x000000281a900000,0x000000281aa00000)]
  0x000001a923b7d800 JavaThread "Service Thread" daemon [_thread_blocked, id=16588, stack(0x000000281aa00000,0x000000281ab00000)]
  0x000001a923b97800 JavaThread "C2 CompilerThread0" daemon [_thread_blocked, id=13304, stack(0x000000281ab00000,0x000000281ac00000)]
  0x000001a9644d8800 JavaThread "C1 CompilerThread0" daemon [_thread_blocked, id=2348, stack(0x000000281ac00000,0x000000281ad00000)]
  0x000001a923b9c800 JavaThread "Sweeper thread" daemon [_thread_blocked, id=3180, stack(0x000000281ad00000,0x000000281ae00000)]

Other Threads:
=>0x000001a923b39000 VMThread "VM Thread" [stack: 0x000000281a500000,0x000000281a600000] [id=16900]
  0x000001a90799b000 GCTaskThread "GC Thread#0" [stack: 0x000000281a000000,0x000000281a100000] [id=16668]
  0x000001a923adc800 GCTaskThread "GC Thread#1" [stack: 0x000000281ae00000,0x000000281af00000] [id=12436]
  0x000001a9079a9000 ConcurrentGCThread "G1 Main Marker" [stack: 0x000000281a100000,0x000000281a200000] [id=14196]
  0x000001a9079ab000 ConcurrentGCThread "G1 Conc#0" [stack: 0x000000281a200000,0x000000281a300000] [id=17196]
  0x000001a9079fe800 ConcurrentGCThread "G1 Refine#0" [stack: 0x000000281a300000,0x000000281a400000] [id=15692]
  0x000001a907a01800 ConcurrentGCThread "G1 Young RemSet Sampling" [stack: 0x000000281a400000,0x000000281a500000] [id=8040]

Threads with active compile tasks:

VM state:at safepoint (normal execution)

VM Mutex/Monitor currently owned by a thread:  ([mutex/lock_event])
[0x000001a90795c4d0] Threads_lock - owner thread: 0x000001a923b39000
[0x000001a907967610] Heap_lock - owner thread: 0x000001a90796b800

Heap address: 0x00000000c1600000, size: 1002 MB, Compressed Oops mode: 32-bit
Narrow klass base: 0x0000000000000000, Narrow klass shift: 3
Compressed class space size: 1073741824 Address: 0x0000000100000000

Heap:
 garbage-first heap   total 65536K, used 526K [0x00000000c1600000, 0x0000000100000000)
  region size 1024K, 1 young (1024K), 1 survivors (1024K)
 Metaspace       used 4378K, capacity 4480K, committed 4480K, reserved 1067008K
  class space    used 350K, capacity 384K, committed 384K, reserved 1048576K
Heap Regions: E=young(eden), S=young(survivor), O=old, HS=humongous(starts), HC=humongous(continues), CS=collection set, F=free, OA=open archive, CA=closed archive, TAMS=top-at-mark-start (previous, next)
|   0|0x00000000c1600000, 0x00000000c1600000, 0x00000000c1700000|  0%| F|  |TAMS 0x00000000c1600000, 0x00000000c1600000| Untracked 
|   1|0x00000000c1700000, 0x00000000c1700000, 0x00000000c1800000|  0%| F|  |TAMS 0x00000000c1700000, 0x00000000c1700000| Untracked 
|   2|0x00000000c1800000, 0x00000000c1800000, 0x00000000c1900000|  0%| F|  |TAMS 0x00000000c1800000, 0x00000000c1800000| Untracked 
|   3|0x00000000c1900000, 0x00000000c1900000, 0x00000000c1a00000|  0%| F|  |TAMS 0x00000000c1900000, 0x00000000c1900000| Untracked 
|   4|0x00000000c1a00000, 0x00000000c1a00000, 0x00000000c1b00000|  0%| F|  |TAMS 0x00000000c1a00000, 0x00000000c1a00000| Untracked 
|   5|0x00000000c1b00000, 0x00000000c1b00000, 0x00000000c1c00000|  0%| F|  |TAMS 0x00000000c1b00000, 0x00000000c1b00000| Untracked 
|   6|0x00000000c1c00000, 0x00000000c1c00000, 0x00000000c1d00000|  0%| F|  |TAMS 0x00000000c1c00000, 0x00000000c1c00000| Untracked 
|   7|0x00000000c1d00000, 0x00000000c1d00000, 0x00000000c1e00000|  0%| F|  |TAMS 0x00000000c1d00000, 0x00000000c1d00000| Untracked 
|   8|0x00000000c1e00000, 0x00000000c1e00000, 0x00000000c1f00000|  0%| F|  |TAMS 0x00000000c1e00000, 0x00000000c1e00000| Untracked 
|   9|0x00000000c1f00000, 0x00000000c1f00000, 0x00000000c2000000|  0%| F|  |TAMS 0x00000000c1f00000, 0x00000000c1f00000| Untracked 
|  10|0x00000000c2000000, 0x00000000c2000000, 0x00000000c2100000|  0%| F|  |TAMS 0x00000000c2000000, 0x00000000c2000000| Untracked 
|  11|0x00000000c2100000, 0x00000000c2100000, 0x00000000c2200000|  0%| F|  |TAMS 0x00000000c2100000, 0x00000000c2100000| Untracked 
|  12|0x00000000c2200000, 0x00000000c2200000, 0x00000000c2300000|  0%| F|  |TAMS 0x00000000c2200000, 0x00000000c2200000| Untracked 
|  13|0x00000000c2300000, 0x00000000c2300000, 0x00000000c2400000|  0%| F|  |TAMS 0x00000000c2300000, 0x00000000c2300000| Untracked 
|  14|0x00000000c2400000, 0x00000000c2400000, 0x00000000c2500000|  0%| F|  |TAMS 0x00000000c2400000, 0x00000000c2400000| Untracked 
|  15|0x00000000c2500000, 0x00000000c2500000, 0x00000000c2600000|  0%| F|  |TAMS 0x00000000c2500000, 0x00000000c2500000| Untracked 
|  16|0x00000000c2600000, 0x00000000c2600000, 0x00000000c2700000|  0%| F|  |TAMS 0x00000000c2600000, 0x00000000c2600000| Untracked 
|  17|0x00000000c2700000, 0x00000000c2700000, 0x00000000c2800000|  0%| F|  |TAMS 0x00000000c2700000, 0x00000000c2700000| Untracked 
|  18|0x00000000c2800000, 0x00000000c2800000, 0x00000000c2900000|  0%| F|  |TAMS 0x00000000c2800000, 0x00000000c2800000| Untracked 
|  19|0x00000000c2900000, 0x00000000c2900000, 0x00000000c2a00000|  0%| F|  |TAMS 0x00000000c2900000, 0x00000000c2900000| Untracked 
|  20|0x00000000c2a00000, 0x00000000c2a00000, 0x00000000c2b00000|  0%| F|  |TAMS 0x00000000c2a00000, 0x00000000c2a00000| Untracked 
|  21|0x00000000c2b00000, 0x00000000c2b00000, 0x00000000c2c00000|  0%| F|  |TAMS 0x00000000c2b00000, 0x00000000c2b00000| Untracked 
|  22|0x00000000c2c00000, 0x00000000c2c00000, 0x00000000c2d00000|  0%| F|  |TAMS 0x00000000c2c00000, 0x00000000c2c00000| Untracked 
|  23|0x00000000c2d00000, 0x00000000c2d00000, 0x00000000c2e00000|  0%| F|  |TAMS 0x00000000c2d00000, 0x00000000c2d00000| Untracked 
|  24|0x00000000c2e00000, 0x00000000c2e00000, 0x00000000c2f00000|  0%| F|  |TAMS 0x00000000c2e00000, 0x00000000c2e00000| Untracked 
|  25|0x00000000c2f00000, 0x00000000c2f00000, 0x00000000c3000000|  0%| F|  |TAMS 0x00000000c2f00000, 0x00000000c2f00000| Untracked 
|  26|0x00000000c3000000, 0x00000000c3000000, 0x00000000c3100000|  0%| F|  |TAMS 0x00000000c3000000, 0x00000000c3000000| Untracked 
|  27|0x00000000c3100000, 0x00000000c3100000, 0x00000000c3200000|  0%| F|  |TAMS 0x00000000c3100000, 0x00000000c3100000| Untracked 
|  28|0x00000000c3200000, 0x00000000c3200000, 0x00000000c3300000|  0%| F|  |TAMS 0x00000000c3200000, 0x00000000c3200000| Untracked 
|  29|0x00000000c3300000, 0x00000000c3300000, 0x00000000c3400000|  0%| F|  |TAMS 0x00000000c3300000, 0x00000000c3300000| Untracked 
|  30|0x00000000c3400000, 0x00000000c3400000, 0x00000000c3500000|  0%| F|  |TAMS 0x00000000c3400000, 0x00000000c3400000| Untracked 
|  31|0x00000000c3500000, 0x00000000c3500000, 0x00000000c3600000|  0%| F|  |TAMS 0x00000000c3500000, 0x00000000c3500000| Untracked 
|  32|0x00000000c3600000, 0x00000000c3600000, 0x00000000c3700000|  0%| F|  |TAMS 0x00000000c3600000, 0x00000000c3600000| Untracked 
|  33|0x00000000c3700000, 0x00000000c3700000, 0x00000000c3800000|  0%| F|  |TAMS 0x00000000c3700000, 0x00000000c3700000| Untracked 
|  34|0x00000000c3800000, 0x00000000c3800000, 0x00000000c3900000|  0%| F|  |TAMS 0x00000000c3800000, 0x00000000c3800000| Untracked 
|  35|0x00000000c3900000, 0x00000000c3900000, 0x00000000c3a00000|  0%| F|  |TAMS 0x00000000c3900000, 0x00000000c3900000| Untracked 
|  36|0x00000000c3a00000, 0x00000000c3a00000, 0x00000000c3b00000|  0%| F|  |TAMS 0x00000000c3a00000, 0x00000000c3a00000| Untracked 
|  37|0x00000000c3b00000, 0x00000000c3b00000, 0x00000000c3c00000|  0%| F|  |TAMS 0x00000000c3b00000, 0x00000000c3b00000| Untracked 
|  38|0x00000000c3c00000, 0x00000000c3c00000, 0x00000000c3d00000|  0%| F|  |TAMS 0x00000000c3c00000, 0x00000000c3c00000| Untracked 
|  39|0x00000000c3d00000, 0x00000000c3d00000, 0x00000000c3e00000|  0%| F|  |TAMS 0x00000000c3d00000, 0x00000000c3d00000| Untracked 
|  40|0x00000000c3e00000, 0x00000000c3e00000, 0x00000000c3f00000|  0%| F|  |TAMS 0x00000000c3e00000, 0x00000000c3e00000| Untracked 
|  41|0x00000000c3f00000, 0x00000000c3f00000, 0x00000000c4000000|  0%| F|  |TAMS 0x00000000c3f00000, 0x00000000c3f00000| Untracked 
|  42|0x00000000c4000000, 0x00000000c4000000, 0x00000000c4100000|  0%| F|  |TAMS 0x00000000c4000000, 0x00000000c4000000| Untracked 
|  43|0x00000000c4100000, 0x00000000c4100000, 0x00000000c4200000|  0%| F|  |TAMS 0x00000000c4100000, 0x00000000c4100000| Untracked 
|  44|0x00000000c4200000, 0x00000000c4200000, 0x00000000c4300000|  0%| F|  |TAMS 0x00000000c4200000, 0x00000000c4200000| Untracked 
|  45|0x00000000c4300000, 0x00000000c4300000, 0x00000000c4400000|  0%| F|  |TAMS 0x00000000c4300000, 0x00000000c4300000| Untracked 
|  46|0x00000000c4400000, 0x00000000c4400000, 0x00000000c4500000|  0%| F|  |TAMS 0x00000000c4400000, 0x00000000c4400000| Untracked 
|  47|0x00000000c4500000, 0x00000000c4500000, 0x00000000c4600000|  0%| F|  |TAMS 0x00000000c4500000, 0x00000000c4500000| Untracked 
|  48|0x00000000c4600000, 0x00000000c4600000, 0x00000000c4700000|  0%| F|  |TAMS 0x00000000c4600000, 0x00000000c4600000| Untracked 
|  49|0x00000000c4700000, 0x00000000c4700000, 0x00000000c4800000|  0%| F|  |TAMS 0x00000000c4700000, 0x00000000c4700000| Untracked 
|  50|0x00000000c4800000, 0x00000000c4800000, 0x00000000c4900000|  0%| F|  |TAMS 0x00000000c4800000, 0x00000000c4800000| Untracked 
|  51|0x00000000c4900000, 0x00000000c4900000, 0x00000000c4a00000|  0%| F|  |TAMS 0x00000000c4900000, 0x00000000c4900000| Untracked 
|  52|0x00000000c4a00000, 0x00000000c4a00000, 0x00000000c4b00000|  0%| F|  |TAMS 0x00000000c4a00000, 0x00000000c4a00000| Untracked 
|  53|0x00000000c4b00000, 0x00000000c4b00000, 0x00000000c4c00000|  0%| F|  |TAMS 0x00000000c4b00000, 0x00000000c4b00000| Untracked 
|  54|0x00000000c4c00000, 0x00000000c4c00000, 0x00000000c4d00000|  0%| F|  |TAMS 0x00000000c4c00000, 0x00000000c4c00000| Untracked 
|  55|0x00000000c4d00000, 0x00000000c4d00000, 0x00000000c4e00000|  0%| F|  |TAMS 0x00000000c4d00000, 0x00000000c4d00000| Untracked 
|  56|0x00000000c4e00000, 0x00000000c4e00000, 0x00000000c4f00000|  0%| F|  |TAMS 0x00000000c4e00000, 0x00000000c4e00000| Untracked 
|  57|0x00000000c4f00000, 0x00000000c4f00000, 0x00000000c5000000|  0%| F|  |TAMS 0x00000000c4f00000, 0x00000000c4f00000| Untracked 
|  58|0x00000000c5000000, 0x00000000c5000000, 0x00000000c5100000|  0%| F|  |TAMS 0x00000000c5000000, 0x00000000c5000000| Untracked 
|  59|0x00000000c5100000, 0x00000000c5100000, 0x00000000c5200000|  0%| F|  |TAMS 0x00000000c5100000, 0x00000000c5100000| Untracked 
|  60|0x00000000c5200000, 0x00000000c5200000, 0x00000000c5300000|  0%| F|  |TAMS 0x00000000c5200000, 0x00000000c5200000| Untracked 
|  61|0x00000000c5300000, 0x00000000c5300000, 0x00000000c5400000|  0%| F|  |TAMS 0x00000000c5300000, 0x00000000c5300000| Untracked 
|  62|0x00000000c5400000, 0x00000000c5483800, 0x00000000c5500000| 51%| S|CS|TAMS 0x00000000c5400000, 0x00000000c5400000| Complete 
|  63|0x00000000c5500000, 0x00000000c5500000, 0x00000000c5600000|  0%| F|  |TAMS 0x00000000c5500000, 0x00000000c5500000| Untracked 

Card table byte_map: [0x000001a91f310000,0x000001a91f510000] _byte_map_base: 0x000001a91ed05000

Marking Bits (Prev, Next): (CMBitMap*) 0x000001a90799f048, (CMBitMap*) 0x000001a90799f088
 Prev Bits: [0x000001a91f710000, 0x000001a9206b8000)
 Next Bits: [0x000001a9206c0000, 0x000001a921668000)

Polling page: 0x000001a907140000

Metaspace:

Usage:
  Non-class:      4.00 MB capacity,     3.93 MB ( 98%) used,    67.86 KB (  2%) free+waste,    64 bytes ( <1%) overhead. 
      Class:    384.00 KB capacity,   350.80 KB ( 91%) used,    33.14 KB (  9%) free+waste,    64 bytes ( <1%) overhead. 
       Both:      4.38 MB capacity,     4.28 MB ( 98%) used,   101.00 KB (  2%) free+waste,   128 bytes ( <1%) overhead. 

Virtual space:
  Non-class space:       18.00 MB reserved,       4.00 MB ( 22%) committed 
      Class space:        1.00 GB reserved,     384.00 KB ( <1%) committed 
             Both:        1.02 GB reserved,       4.38 MB ( <1%) committed 

Chunk freelists:
   Non-Class:  0 bytes
       Class:  0 bytes
        Both:  0 bytes

MaxMetaspaceSize: 17179869184.00 GB
CompressedClassSpaceSize: 1.00 GB

CodeHeap 'non-profiled nmethods': size=120000Kb used=9Kb max_used=9Kb free=119990Kb
 bounds [0x000001a917be0000, 0x000001a917e50000, 0x000001a91f110000]
CodeHeap 'profiled nmethods': size=120000Kb used=40Kb max_used=40Kb free=119959Kb
 bounds [0x000001a9106b0000, 0x000001a910920000, 0x000001a917be0000]
CodeHeap 'non-nmethods': size=5760Kb used=1081Kb max_used=1081Kb free=4678Kb
 bounds [0x000001a910110000, 0x000001a910380000, 0x000001a9106b0000]
 total_blobs=657 nmethods=41 adapters=223
 compilation: enabled
              stopped_count=0, restarted_count=0
 full_count=0

Compilation events (20 events):
Event: 0.280 Thread 0x000001a9644d8800   26       1       java.lang.module.ModuleDescriptor::name (5 bytes)
Event: 0.280 Thread 0x000001a9644d8800 nmethod 26 0x000001a917be0790 code [0x000001a917be0920, 0x000001a917be09d8]
Event: 0.281 Thread 0x000001a9644d8800   27       1       java.lang.module.ModuleReference::descriptor (5 bytes)
Event: 0.281 Thread 0x000001a9644d8800 nmethod 27 0x000001a917be0a90 code [0x000001a917be0c20, 0x000001a917be0cd8]
Event: 0.281 Thread 0x000001a9644d8800   28       3       java.net.URI::hash (33 bytes)
Event: 0.282 Thread 0x000001a9644d8800 nmethod 28 0x000001a9106b7e10 code [0x000001a9106b8000, 0x000001a9106b8478]
Event: 0.282 Thread 0x000001a9644d8800   29       3       java.lang.String::indexOf (29 bytes)
Event: 0.282 Thread 0x000001a9644d8800 nmethod 29 0x000001a9106b8610 code [0x000001a9106b87e0, 0x000001a9106b8a58]
Event: 0.290 Thread 0x000001a9644d8800   30       3       java.util.ImmutableCollections$SetN$SetNIterator::nextIndex (56 bytes)
Event: 0.290 Thread 0x000001a9644d8800 nmethod 30 0x000001a9106b8b90 code [0x000001a9106b8d20, 0x000001a9106b8e98]
Event: 0.290 Thread 0x000001a9644d8800   31       3       java.util.concurrent.ConcurrentHashMap::tabAt (22 bytes)
Event: 0.290 Thread 0x000001a9644d8800 nmethod 31 0x000001a9106b8f90 code [0x000001a9106b9140, 0x000001a9106b9418]
Event: 0.290 Thread 0x000001a9644d8800   32       3       jdk.internal.misc.Unsafe::getReferenceAcquire (7 bytes)
Event: 0.291 Thread 0x000001a9644d8800 nmethod 32 0x000001a9106b9510 code [0x000001a9106b96a0, 0x000001a9106b97f8]
Event: 0.316 Thread 0x000001a9644d8800   33       3       java.util.HashMap::hash (20 bytes)
Event: 0.316 Thread 0x000001a9644d8800 nmethod 33 0x000001a9106b9890 code [0x000001a9106b9a40, 0x000001a9106b9c48]
Event: 0.326 Thread 0x000001a9644d8800   35       1       java.lang.Enum::ordinal (5 bytes)
Event: 0.326 Thread 0x000001a9644d8800 nmethod 35 0x000001a917be1090 code [0x000001a917be1220, 0x000001a917be12d8]
Event: 0.341 Thread 0x000001a9644d8800   41       3       java.lang.StringLatin1::canEncode (13 bytes)
Event: 0.341 Thread 0x000001a9644d8800 nmethod 41 0x000001a9106b9d10 code [0x000001a9106b9ea0, 0x000001a9106b9fd8]

GC Heap History (2 events):
Event: 0.344 GC heap before
{Heap before GC invocations=0 (full 0):
 garbage-first heap   total 65536K, used 0K [0x00000000c1600000, 0x0000000100000000)
  region size 1024K, 1 young (1024K), 0 survivors (0K)
 Metaspace       used 4378K, capacity 4480K, committed 4480K, reserved 1064960K
  class space    used 350K, capacity 384K, committed 384K, reserved 1048576K
}
Event: 0.347 GC heap after
{Heap after GC invocations=1 (full 0):
 garbage-first heap   total 65536K, used 526K [0x00000000c1600000, 0x0000000100000000)
  region size 1024K, 1 young (1024K), 1 survivors (1024K)
 Metaspace       used 4378K, capacity 4480K, committed 4480K, reserved 1064960K
  class space    used 350K, capacity 384K, committed 384K, reserved 1048576K
}

Deoptimization events (0 events):
No events

Classes unloaded (0 events):
No events

Classes redefined (0 events):
No events

Internal exceptions (0 events):
No events

Events (20 events):
Event: 0.341 loading class jdk/internal/org/objectweb/asm/FieldVisitor
Event: 0.341 loading class jdk/internal/org/objectweb/asm/FieldVisitor done
Event: 0.341 loading class jdk/internal/org/objectweb/asm/FieldWriter done
Event: 0.341 loading class jdk/internal/org/objectweb/asm/MethodWriter
Event: 0.342 loading class jdk/internal/org/objectweb/asm/MethodVisitor
Event: 0.342 loading class jdk/internal/org/objectweb/asm/MethodVisitor done
Event: 0.342 loading class jdk/internal/org/objectweb/asm/MethodWriter done
Event: 0.342 loading class jdk/internal/org/objectweb/asm/Label
Event: 0.342 loading class jdk/internal/org/objectweb/asm/Label done
Event: 0.343 loading class jdk/internal/org/objectweb/asm/AnnotationWriter
Event: 0.343 loading class jdk/internal/org/objectweb/asm/AnnotationVisitor
Event: 0.343 loading class jdk/internal/org/objectweb/asm/AnnotationVisitor done
Event: 0.343 loading class jdk/internal/org/objectweb/asm/AnnotationWriter done
Event: 0.343 loading class java/lang/invoke/InnerClassLambdaMetafactory$ForwardingMethodGenerator
Event: 0.343 loading class java/lang/invoke/TypeConvertingMethodAdapter
Event: 0.343 loading class java/lang/invoke/TypeConvertingMethodAdapter done
Event: 0.343 loading class java/lang/invoke/InnerClassLambdaMetafactory$ForwardingMethodGenerator done
Event: 0.343 loading class jdk/internal/org/objectweb/asm/Handler
Event: 0.343 loading class jdk/internal/org/objectweb/asm/Handler done
Event: 0.344 Executing VM operation: CollectForMetadataAllocation


Dynamic libraries:
0x00007ff7645c0000 - 0x00007ff7645cf000 	C:\Program Files\Java\jdk-14.0.1\bin\javaw.exe
0x00007ffcd6180000 - 0x00007ffcd6370000 	C:\WINDOWS\SYSTEM32\ntdll.dll
0x00007ffcd4680000 - 0x00007ffcd4732000 	C:\WINDOWS\System32\KERNEL32.DLL
0x00007ffcd3920000 - 0x00007ffcd3bc4000 	C:\WINDOWS\System32\KERNELBASE.dll
0x00007ffcd3ee0000 - 0x00007ffcd3fda000 	C:\WINDOWS\System32\ucrtbase.dll
0x00007ffcc7790000 - 0x00007ffcc77a8000 	C:\Program Files\Java\jdk-14.0.1\bin\jli.dll
0x00007ffcd4230000 - 0x00007ffcd42d3000 	C:\WINDOWS\System32\ADVAPI32.dll
0x00007ffcd4350000 - 0x00007ffcd43ee000 	C:\WINDOWS\System32\msvcrt.dll
0x00007ffcd44d0000 - 0x00007ffcd4567000 	C:\WINDOWS\System32\sechost.dll
0x00007ffcd56d0000 - 0x00007ffcd57f0000 	C:\WINDOWS\System32\RPCRT4.dll
0x00007ffcd57f0000 - 0x00007ffcd5984000 	C:\WINDOWS\System32\USER32.dll
0x00007ffcd3110000 - 0x00007ffcd3131000 	C:\WINDOWS\System32\win32u.dll
0x00007ffcd43f0000 - 0x00007ffcd4416000 	C:\WINDOWS\System32\GDI32.dll
0x00007ffcd4090000 - 0x00007ffcd4224000 	C:\WINDOWS\System32\gdi32full.dll
0x00007ffcd3dd0000 - 0x00007ffcd3e6e000 	C:\WINDOWS\System32\msvcp_win.dll
0x00007ffcc7840000 - 0x00007ffcc7855000 	C:\Program Files\Java\jdk-14.0.1\bin\VCRUNTIME140.dll
0x00007ffcc7180000 - 0x00007ffcc7404000 	C:\WINDOWS\WinSxS\amd64_microsoft.windows.common-controls_6595b64144ccf1df_6.0.18362.836_none_e6c4b943130f18ed\COMCTL32.dll
0x00007ffcd5dd0000 - 0x00007ffcd6106000 	C:\WINDOWS\System32\combase.dll
0x00007ffcd4010000 - 0x00007ffcd4090000 	C:\WINDOWS\System32\bcryptPrimitives.dll
0x00007ffcc8680000 - 0x00007ffcc868a000 	C:\WINDOWS\SYSTEM32\VERSION.dll
0x00007ffcd6110000 - 0x00007ffcd613e000 	C:\WINDOWS\System32\IMM32.DLL
0x00007ffcc76f0000 - 0x00007ffcc778b000 	C:\Program Files\Java\jdk-14.0.1\bin\msvcp140.dll
0x00007ffca1d30000 - 0x00007ffca284e000 	C:\Program Files\Java\jdk-14.0.1\bin\server\jvm.dll
0x00007ffcd56c0000 - 0x00007ffcd56c8000 	C:\WINDOWS\System32\PSAPI.DLL
0x00007ffcbe760000 - 0x00007ffcbe769000 	C:\WINDOWS\SYSTEM32\WSOCK32.dll
0x00007ffcd0860000 - 0x00007ffcd0884000 	C:\WINDOWS\SYSTEM32\WINMM.dll
0x00007ffcd5c80000 - 0x00007ffcd5cef000 	C:\WINDOWS\System32\WS2_32.dll
0x00007ffcd0830000 - 0x00007ffcd085d000 	C:\WINDOWS\SYSTEM32\WINMMBASE.dll
0x00007ffcd3e90000 - 0x00007ffcd3eda000 	C:\WINDOWS\System32\cfgmgr32.dll
0x00007ffcd3050000 - 0x00007ffcd3061000 	C:\WINDOWS\System32\kernel.appcore.dll
0x00007ffcc9600000 - 0x00007ffcc960a000 	C:\Program Files\Java\jdk-14.0.1\bin\jimage.dll
0x00007ffcd1a20000 - 0x00007ffcd1c14000 	C:\WINDOWS\SYSTEM32\DBGHELP.DLL
0x00007ffcc16b0000 - 0x00007ffcc16da000 	C:\WINDOWS\SYSTEM32\dbgcore.DLL
0x00007ffcbd120000 - 0x00007ffcbd145000 	C:\Program Files\Java\jdk-14.0.1\bin\java.dll
0x00007ffcbc9d0000 - 0x00007ffcbc9e6000 	C:\Program Files\Java\jdk-14.0.1\bin\zip.dll
0x00007ffcd4920000 - 0x00007ffcd5004000 	C:\WINDOWS\System32\SHELL32.dll
0x00007ffcd45d0000 - 0x00007ffcd4679000 	C:\WINDOWS\System32\shcore.dll
0x00007ffcd3140000 - 0x00007ffcd38be000 	C:\WINDOWS\System32\windows.storage.dll
0x00007ffcd30c0000 - 0x00007ffcd30e3000 	C:\WINDOWS\System32\profapi.dll
0x00007ffcd3070000 - 0x00007ffcd30ba000 	C:\WINDOWS\System32\powrprof.dll
0x00007ffcd3040000 - 0x00007ffcd3050000 	C:\WINDOWS\System32\UMPDC.dll
0x00007ffcd4570000 - 0x00007ffcd45c2000 	C:\WINDOWS\System32\shlwapi.dll
0x00007ffcd3e70000 - 0x00007ffcd3e87000 	C:\WINDOWS\System32\cryptsp.dll

dbghelp: loaded successfully - version: 4.0.5 - missing functions: none
symbol engine: initialized successfully - sym options: 0x614 - pdb path: .;C:\Program Files\Java\jdk-14.0.1\bin;C:\WINDOWS\SYSTEM32;C:\WINDOWS\WinSxS\amd64_microsoft.windows.common-controls_6595b64144ccf1df_6.0.18362.836_none_e6c4b943130f18ed;C:\Program Files\Java\jdk-14.0.1\bin\server

VM Arguments:
jvm_args: -Dfile.encoding=Cp1252 --module-path=C:\Users\Administrator\eclipse-workspace\Fridge_Organizer\bin -Djdk.module.main=Fridge_Organizer 
java_command: Fridge_Organizer/frontend.Login
java_class_path (initial): D:\Bootcamp\Database Driver JAR files\mysql-connector-java-5.1.5-bin.jar
Launcher Type: SUN_STANDARD

[Global flags]
     intx CICompilerCount                          = 3                                         {product} {ergonomic}
     uint ConcGCThreads                            = 1                                         {product} {ergonomic}
     uint G1ConcRefinementThreads                  = 4                                         {product} {ergonomic}
   size_t G1HeapRegionSize                         = 1048576                                   {product} {ergonomic}
    uintx GCDrainStackTargetSize                   = 64                                        {product} {ergonomic}
   size_t InitialHeapSize                          = 67108864                                  {product} {ergonomic}
   size_t MarkStackSize                            = 4194304                                   {product} {ergonomic}
   size_t MaxHeapSize                              = 1050673152                                {product} {ergonomic}
   size_t MaxNewSize                               = 630194176                                 {product} {ergonomic}
   size_t MinHeapDeltaBytes                        = 1048576                                   {product} {ergonomic}
   size_t MinHeapSize                              = 8388608                                   {product} {ergonomic}
    uintx NonNMethodCodeHeapSize                   = 5832780                                {pd product} {ergonomic}
    uintx NonProfiledCodeHeapSize                  = 122912730                              {pd product} {ergonomic}
    uintx ProfiledCodeHeapSize                     = 122912730                              {pd product} {ergonomic}
    uintx ReservedCodeCacheSize                    = 251658240                              {pd product} {ergonomic}
     bool SegmentedCodeCache                       = true                                      {product} {ergonomic}
   size_t SoftMaxHeapSize                          = 1050673152                             {manageable} {ergonomic}
     bool UseCompressedClassPointers               = true                                 {lp64_product} {ergonomic}
     bool UseCompressedOops                        = true                                 {lp64_product} {ergonomic}
     bool UseG1GC                                  = true                                      {product} {ergonomic}
     bool UseLargePagesIndividualAllocation        = false                                  {pd product} {ergonomic}

Logging:
Log output configuration:
 #0: stdout all=warning uptime,level,tags
 #1: stderr all=off uptime,level,tags

Environment Variables:
JAVA_HOME=D:\Android\openjdk
PATH=D:/Android/openjdk/bin/../jre/bin/server;D:/Android/openjdk/bin/../jre/bin;D:/Android/openjdk/bin/../jre/lib/amd64;C:\WINDOWS\system32;C:\WINDOWS;C:\WINDOWS\System32\Wbem;C:\WINDOWS\System32\WindowsPowerShell\v1.0\;C:\WINDOWS\System32\OpenSSH\;C:\TDM-GCC-64\bin;D:\Android\sdk;D:\Android\flutter\bin;D:\Android\sdk\bin;C:\Program Files\Git\cmd;D:\Android\openjdk\bin;C:\Users\Administrator\AppData\Local\Programs\Python\Python38\Scripts\;C:\Users\Administrator\AppData\Local\Programs\Python\Python38\;C:\WINDOWS\system32;C:\WINDOWS;C:\WINDOWS\System32\Wbem;C:\WINDOWS\System32\WindowsPowerShell\v1.0\;C:\WINDOWS\System32\OpenSSH\;C:\TDM-GCC-64\bin;C:\Users\Administrator\AppData\Local\Microsoft\WindowsApps;;C:\Users\Administrator\AppData\Local\Programs\Microsoft VS Code\bin;D:\Android\sdk;D:\Android\sdk\bin;D:\Android\flutter\bin;C:\WINDOWS\system32;
USERNAME=Administrator
OS=Windows_NT
PROCESSOR_IDENTIFIER=Intel64 Family 6 Model 61 Stepping 4, GenuineIntel



---------------  S Y S T E M  ---------------

OS: Windows 10 , 64 bit Build 18362 (10.0.18362.778)
OS uptime: 0 days 6:38 hours

CPU:total 4 (initial active 4) (2 cores per cpu, 2 threads per core) family 6 model 61 stepping 4, cmov, cx8, fxsr, mmx, sse, sse2, sse3, ssse3, sse4.1, sse4.2, popcnt, avx, avx2, aes, clmul, erms, 3dnowpref, lzcnt, ht, tsc, tscinvbit, bmi1, bmi2, adx, fma

Memory: 4k page, system-wide physical 4005M (813M free)
TotalPageFile size 16293M (AvailPageFile size 4M)
current process WorkingSet (physical memory assigned to process): 26M, peak: 26M
current process commit charge ("private bytes"): 127M, peak: 129M

vm_info: Java HotSpot(TM) 64-Bit Server VM (14.0.1+7) for windows-amd64 JRE (14.0.1+7), built on Mar  5 2020 10:30:14 by "mach5one" with MS VC++ 15.9 (VS2017)

END.
