#
# There is insufficient memory for the Java Runtime Environment to continue.
# Native memory allocation (malloc) failed to allocate 1048576 bytes for AllocateHeap
# Possible reasons:
#   The system is out of physical RAM or swap space
#   The process is running with CompressedOops enabled, and the Java Heap may be blocking the growth of the native heap
# Possible solutions:
#   Reduce memory load on the system
#   Increase physical memory or swap space
#   Check if swap backing store is full
#   Decrease Java heap size (-Xmx/-Xms)
#   Decrease number of Java threads
#   Decrease Java thread stack sizes (-Xss)
#   Set larger code cache with -XX:ReservedCodeCacheSize=
#   JVM is running with Unscaled Compressed Oops mode in which the Java heap is
#     placed in the first 4GB address space. The Java Heap base address is the
#     maximum limit for the native heap growth. Please use -XX:HeapBaseMinAddress
#     to set the Java Heap base and to place the Java Heap above 4GB virtual address.
# This output file may be truncated or incomplete.
#
#  Out of Memory Error (./open/src/hotspot/share/memory/allocation.cpp:44), pid=2548, tid=16628
#
# JRE version: Java(TM) SE Runtime Environment (14.0.1+7) (build 14.0.1+7)
# Java VM: Java HotSpot(TM) 64-Bit Server VM (14.0.1+7, mixed mode, sharing, tiered, compressed oops, g1 gc, windows-amd64)
# No core dump will be written. Minidumps are not enabled by default on client versions of Windows
#

---------------  S U M M A R Y ------------

Command Line: -Dfile.encoding=Cp1252 --module-path=C:\Users\Administrator\eclipse-workspace\Fridge_Organizer\bin -Djdk.module.main=Fridge_Organizer Fridge_Organizer/frontend.Login

Host: Intel(R) Core(TM) i3-5005U CPU @ 2.00GHz, 4 cores, 3G,  Windows 10 , 64 bit Build 18362 (10.0.18362.778)
Time: Sun Jul 19 17:10:14 2020 India Standard Time elapsed time: 0 seconds (0d 0h 0m 0s)

---------------  T H R E A D  ---------------

Current thread (0x0000014c1cb8a800):  VMThread "VM Thread" [stack: 0x0000001e9ee00000,0x0000001e9ef00000] [id=16628]

Stack: [0x0000001e9ee00000,0x0000001e9ef00000]
[error occurred during error reporting (printing stack bounds), id 0xc0000005, EXCEPTION_ACCESS_VIOLATION (0xc0000005) at pc=0x0000014c09ae10ad]

Native frames: (J=compiled Java code, j=interpreted, Vv=VM code, C=native code)
V  [jvm.dll+0x5f840a]
V  [jvm.dll+0x741e4a]
V  [jvm.dll+0x7435ff]
V  [jvm.dll+0x743ba5]
V  [jvm.dll+0x743b5b]
V  [jvm.dll+0x5f793f]
V  [jvm.dll+0x5f80a8]
C  [ntdll.dll+0xa11cf]
C  [ntdll.dll+0x6a209]
C  [ntdll.dll+0x9fe3e]
C  0x0000014c09ae10ad

VM_Operation (0x0000001e9e8fc8a0): CollectForMetadataAllocation, mode: safepoint, requested by thread 0x0000014c7f4bb800


---------------  P R O C E S S  ---------------

Threads class SMR info:
_java_thread_list=0x0000014c1d74ee60, length=14, elements={
0x0000014c7f4bb800, 0x0000014c1cb8e800, 0x0000014c1cb8f800, 0x0000014c1cba9800,
0x0000014c1cbac800, 0x0000014c1cbae800, 0x0000014c1cbb3000, 0x0000014c1cbb5800,
0x0000014c1cbf4000, 0x0000014c1cb7c800, 0x0000014c1d572000, 0x0000014c1d767800,
0x0000014c1d76b000, 0x0000014c1d771000
}

Java Threads: ( => current thread )
  0x0000014c7f4bb800 JavaThread "main" [_thread_blocked, id=16808, stack(0x0000001e9e800000,0x0000001e9e900000)]
  0x0000014c1cb8e800 JavaThread "Reference Handler" daemon [_thread_blocked, id=17292, stack(0x0000001e9ef00000,0x0000001e9f000000)]
  0x0000014c1cb8f800 JavaThread "Finalizer" daemon [_thread_blocked, id=12184, stack(0x0000001e9f000000,0x0000001e9f100000)]
  0x0000014c1cba9800 JavaThread "Signal Dispatcher" daemon [_thread_blocked, id=17148, stack(0x0000001e9f200000,0x0000001e9f300000)]
  0x0000014c1cbac800 JavaThread "Attach Listener" daemon [_thread_blocked, id=10752, stack(0x0000001e9f300000,0x0000001e9f400000)]
  0x0000014c1cbae800 JavaThread "Service Thread" daemon [_thread_blocked, id=5816, stack(0x0000001e9f400000,0x0000001e9f500000)]
  0x0000014c1cbb3000 JavaThread "C2 CompilerThread0" daemon [_thread_blocked, id=6560, stack(0x0000001e9f500000,0x0000001e9f600000)]
  0x0000014c1cbb5800 JavaThread "C1 CompilerThread0" daemon [_thread_blocked, id=4984, stack(0x0000001e9f600000,0x0000001e9f700000)]
  0x0000014c1cbf4000 JavaThread "Sweeper thread" daemon [_thread_blocked, id=16948, stack(0x0000001e9f700000,0x0000001e9f800000)]
  0x0000014c1cb7c800 JavaThread "Common-Cleaner" daemon [_thread_blocked, id=17244, stack(0x0000001e9f800000,0x0000001e9f900000)]
  0x0000014c1d572000 JavaThread "Notification Thread" daemon [_thread_blocked, id=15044, stack(0x0000001e9f900000,0x0000001e9fa00000)]
  0x0000014c1d767800 JavaThread "Java2D Disposer" daemon [_thread_blocked, id=13736, stack(0x0000001e9fb00000,0x0000001e9fc00000)]
  0x0000014c1d76b000 JavaThread "AWT-Shutdown" [_thread_blocked, id=17092, stack(0x0000001e9fc00000,0x0000001e9fd00000)]
  0x0000014c1d771000 JavaThread "AWT-Windows" daemon [_thread_in_native, id=17004, stack(0x0000001e9fd00000,0x0000001e9fe00000)]

Other Threads:
=>0x0000014c1cb8a800 VMThread "VM Thread" [stack: 0x0000001e9ee00000,0x0000001e9ef00000] [id=16628]
  0x0000014c1d592000 WatcherThread [stack: 0x0000001e9fa00000,0x0000001e9fb00000] [id=16792]
  0x0000014c7f4ea800 GCTaskThread "GC Thread#0" [stack: 0x0000001e9e900000,0x0000001e9ea00000] [id=5344]
  0x0000014c1d5dd800 GCTaskThread "GC Thread#1" [stack: 0x0000001e9fe00000,0x0000001e9ff00000] [id=2596]
  0x0000014c1d802000 GCTaskThread "GC Thread#2" [stack: 0x0000001e9ff00000,0x0000001ea0000000] [id=16824]
  0x0000014c1d803000 GCTaskThread "GC Thread#3" [stack: 0x0000001ea0000000,0x0000001ea0100000] [id=17376]
  0x0000014c7f4f7000 ConcurrentGCThread "G1 Main Marker" [stack: 0x0000001e9ea00000,0x0000001e9eb00000] [id=16848]
  0x0000014c7f4f8000 ConcurrentGCThread "G1 Conc#0" [stack: 0x0000001e9eb00000,0x0000001e9ec00000] [id=8492]
  0x0000014c7f54b800 ConcurrentGCThread "G1 Refine#0" [stack: 0x0000001e9ec00000,0x0000001e9ed00000] [id=10276]
  0x0000014c7f54f000 ConcurrentGCThread "G1 Young RemSet Sampling" [stack: 0x0000001e9ed00000,0x0000001e9ee00000] [id=17040]

Threads with active compile tasks:

VM state:at safepoint (normal execution)

VM Mutex/Monitor currently owned by a thread:  ([mutex/lock_event])
[0x0000014c7f4b7d60] Threads_lock - owner thread: 0x0000014c1cb8a800
[0x0000014c7f4b7340] Heap_lock - owner thread: 0x0000014c7f4bb800

Heap address: 0x00000000c1600000, size: 1002 MB, Compressed Oops mode: 32-bit
Narrow klass base: 0x0000000800000000, Narrow klass shift: 3
Compressed class space size: 1073741824 Address: 0x0000000800b30000

Heap:
 garbage-first heap   total 65536K, used 2735K [0x00000000c1600000, 0x0000000100000000)
  region size 1024K, 2 young (2048K), 2 survivors (2048K)
 Metaspace       used 6554K, capacity 6747K, committed 6912K, reserved 1069056K
  class space    used 777K, capacity 899K, committed 1024K, reserved 1048576K
Heap Regions: E=young(eden), S=young(survivor), O=old, HS=humongous(starts), HC=humongous(continues), CS=collection set, F=free, OA=open archive, CA=closed archive, TAMS=top-at-mark-start (previous, next)
|   0|0x00000000c1600000, 0x00000000c1700000, 0x00000000c1700000|100%|HS|  |TAMS 0x00000000c1600000, 0x00000000c1700000| Complete 
|   1|0x00000000c1700000, 0x00000000c1700000, 0x00000000c1800000|  0%| F|  |TAMS 0x00000000c1700000, 0x00000000c1700000| Untracked 
|   2|0x00000000c1800000, 0x00000000c1800000, 0x00000000c1900000|  0%| F|  |TAMS 0x00000000c1800000, 0x00000000c1800000| Untracked 
|   3|0x00000000c1900000, 0x00000000c1900000, 0x00000000c1a00000|  0%| F|  |TAMS 0x00000000c1900000, 0x00000000c1900000| Untracked 
|   4|0x00000000c1a00000, 0x00000000c1a00000, 0x00000000c1b00000|  0%| F|  |TAMS 0x00000000c1a00000, 0x00000000c1a00000| Untracked 
|   5|0x00000000c1b00000, 0x00000000c1b00000, 0x00000000c1c00000|  0%| F|  |TAMS 0x00000000c1b00000, 0x00000000c1b00000| Untracked 
|   6|0x00000000c1c00000, 0x00000000c1c00000, 0x00000000c1d00000|  0%| F|  |TAMS 0x00000000c1c00000, 0x00000000c1c00000| Untracked 
|   7|0x00000000c1d00000, 0x00000000c1d00000, 0x00000000c1e00000|  0%| F|  |TAMS 0x00000000c1d00000, 0x00000000c1d00000| Untracked 
|   8|0x00000000c1e00000, 0x00000000c1e00000, 0x00000000c1f00000|  0%| F|  |TAMS 0x00000000c1e00000, 0x00000000c1e00000| Untracked 
|   9|0x00000000c1f00000, 0x00000000c1f00000, 0x00000000c2000000|  0%| F|  |TAMS 0x00000000c1f00000, 0x00000000c1f00000| Untracked 
|  10|0x00000000c2000000, 0x00000000c2000000, 0x00000000c2100000|  0%| F|  |TAMS 0x00000000c2000000, 0x00000000c2000000| Untracked 
|  11|0x00000000c2100000, 0x00000000c2100000, 0x00000000c2200000|  0%| F|  |TAMS 0x00000000c2100000, 0x00000000c2100000| Untracked 
|  12|0x00000000c2200000, 0x00000000c2200000, 0x00000000c2300000|  0%| F|  |TAMS 0x00000000c2200000, 0x00000000c2200000| Untracked 
|  13|0x00000000c2300000, 0x00000000c2300000, 0x00000000c2400000|  0%| F|  |TAMS 0x00000000c2300000, 0x00000000c2300000| Untracked 
|  14|0x00000000c2400000, 0x00000000c2400000, 0x00000000c2500000|  0%| F|  |TAMS 0x00000000c2400000, 0x00000000c2400000| Untracked 
|  15|0x00000000c2500000, 0x00000000c2500000, 0x00000000c2600000|  0%| F|  |TAMS 0x00000000c2500000, 0x00000000c2500000| Untracked 
|  16|0x00000000c2600000, 0x00000000c2600000, 0x00000000c2700000|  0%| F|  |TAMS 0x00000000c2600000, 0x00000000c2600000| Untracked 
|  17|0x00000000c2700000, 0x00000000c2700000, 0x00000000c2800000|  0%| F|  |TAMS 0x00000000c2700000, 0x00000000c2700000| Untracked 
|  18|0x00000000c2800000, 0x00000000c2800000, 0x00000000c2900000|  0%| F|  |TAMS 0x00000000c2800000, 0x00000000c2800000| Untracked 
|  19|0x00000000c2900000, 0x00000000c2900000, 0x00000000c2a00000|  0%| F|  |TAMS 0x00000000c2900000, 0x00000000c2900000| Untracked 
|  20|0x00000000c2a00000, 0x00000000c2a00000, 0x00000000c2b00000|  0%| F|  |TAMS 0x00000000c2a00000, 0x00000000c2a00000| Untracked 
|  21|0x00000000c2b00000, 0x00000000c2b00000, 0x00000000c2c00000|  0%| F|  |TAMS 0x00000000c2b00000, 0x00000000c2b00000| Untracked 
|  22|0x00000000c2c00000, 0x00000000c2c00000, 0x00000000c2d00000|  0%| F|  |TAMS 0x00000000c2c00000, 0x00000000c2c00000| Untracked 
|  23|0x00000000c2d00000, 0x00000000c2d00000, 0x00000000c2e00000|  0%| F|  |TAMS 0x00000000c2d00000, 0x00000000c2d00000| Untracked 
|  24|0x00000000c2e00000, 0x00000000c2e00000, 0x00000000c2f00000|  0%| F|  |TAMS 0x00000000c2e00000, 0x00000000c2e00000| Untracked 
|  25|0x00000000c2f00000, 0x00000000c2f00000, 0x00000000c3000000|  0%| F|  |TAMS 0x00000000c2f00000, 0x00000000c2f00000| Untracked 
|  26|0x00000000c3000000, 0x00000000c3000000, 0x00000000c3100000|  0%| F|  |TAMS 0x00000000c3000000, 0x00000000c3000000| Untracked 
|  27|0x00000000c3100000, 0x00000000c3100000, 0x00000000c3200000|  0%| F|  |TAMS 0x00000000c3100000, 0x00000000c3100000| Untracked 
|  28|0x00000000c3200000, 0x00000000c3200000, 0x00000000c3300000|  0%| F|  |TAMS 0x00000000c3200000, 0x00000000c3200000| Untracked 
|  29|0x00000000c3300000, 0x00000000c3300000, 0x00000000c3400000|  0%| F|  |TAMS 0x00000000c3300000, 0x00000000c3300000| Untracked 
|  30|0x00000000c3400000, 0x00000000c3400000, 0x00000000c3500000|  0%| F|  |TAMS 0x00000000c3400000, 0x00000000c3400000| Untracked 
|  31|0x00000000c3500000, 0x00000000c3500000, 0x00000000c3600000|  0%| F|  |TAMS 0x00000000c3500000, 0x00000000c3500000| Untracked 
|  32|0x00000000c3600000, 0x00000000c3600000, 0x00000000c3700000|  0%| F|  |TAMS 0x00000000c3600000, 0x00000000c3600000| Untracked 
|  33|0x00000000c3700000, 0x00000000c3700000, 0x00000000c3800000|  0%| F|  |TAMS 0x00000000c3700000, 0x00000000c3700000| Untracked 
|  34|0x00000000c3800000, 0x00000000c3800000, 0x00000000c3900000|  0%| F|  |TAMS 0x00000000c3800000, 0x00000000c3800000| Untracked 
|  35|0x00000000c3900000, 0x00000000c3900000, 0x00000000c3a00000|  0%| F|  |TAMS 0x00000000c3900000, 0x00000000c3900000| Untracked 
|  36|0x00000000c3a00000, 0x00000000c3a00000, 0x00000000c3b00000|  0%| F|  |TAMS 0x00000000c3a00000, 0x00000000c3a00000| Untracked 
|  37|0x00000000c3b00000, 0x00000000c3b00000, 0x00000000c3c00000|  0%| F|  |TAMS 0x00000000c3b00000, 0x00000000c3b00000| Untracked 
|  38|0x00000000c3c00000, 0x00000000c3c00000, 0x00000000c3d00000|  0%| F|  |TAMS 0x00000000c3c00000, 0x00000000c3c00000| Untracked 
|  39|0x00000000c3d00000, 0x00000000c3d00000, 0x00000000c3e00000|  0%| F|  |TAMS 0x00000000c3d00000, 0x00000000c3d00000| Untracked 
|  40|0x00000000c3e00000, 0x00000000c3e00000, 0x00000000c3f00000|  0%| F|  |TAMS 0x00000000c3e00000, 0x00000000c3e00000| Untracked 
|  41|0x00000000c3f00000, 0x00000000c3f00000, 0x00000000c4000000|  0%| F|  |TAMS 0x00000000c3f00000, 0x00000000c3f00000| Untracked 
|  42|0x00000000c4000000, 0x00000000c4000000, 0x00000000c4100000|  0%| F|  |TAMS 0x00000000c4000000, 0x00000000c4000000| Untracked 
|  43|0x00000000c4100000, 0x00000000c4100000, 0x00000000c4200000|  0%| F|  |TAMS 0x00000000c4100000, 0x00000000c4100000| Untracked 
|  44|0x00000000c4200000, 0x00000000c4200000, 0x00000000c4300000|  0%| F|  |TAMS 0x00000000c4200000, 0x00000000c4200000| Untracked 
|  45|0x00000000c4300000, 0x00000000c4300000, 0x00000000c4400000|  0%| F|  |TAMS 0x00000000c4300000, 0x00000000c4300000| Untracked 
|  46|0x00000000c4400000, 0x00000000c4400000, 0x00000000c4500000|  0%| F|  |TAMS 0x00000000c4400000, 0x00000000c4400000| Untracked 
|  47|0x00000000c4500000, 0x00000000c4500000, 0x00000000c4600000|  0%| F|  |TAMS 0x00000000c4500000, 0x00000000c4500000| Untracked 
|  48|0x00000000c4600000, 0x00000000c4600000, 0x00000000c4700000|  0%| F|  |TAMS 0x00000000c4600000, 0x00000000c4600000| Untracked 
|  49|0x00000000c4700000, 0x00000000c4700000, 0x00000000c4800000|  0%| F|  |TAMS 0x00000000c4700000, 0x00000000c4700000| Untracked 
|  50|0x00000000c4800000, 0x00000000c4800000, 0x00000000c4900000|  0%| F|  |TAMS 0x00000000c4800000, 0x00000000c4800000| Untracked 
|  51|0x00000000c4900000, 0x00000000c4900000, 0x00000000c4a00000|  0%| F|  |TAMS 0x00000000c4900000, 0x00000000c4900000| Untracked 
|  52|0x00000000c4a00000, 0x00000000c4a00000, 0x00000000c4b00000|  0%| F|  |TAMS 0x00000000c4a00000, 0x00000000c4a00000| Untracked 
|  53|0x00000000c4b00000, 0x00000000c4b00000, 0x00000000c4c00000|  0%| F|  |TAMS 0x00000000c4b00000, 0x00000000c4b00000| Untracked 
|  54|0x00000000c4c00000, 0x00000000c4c00000, 0x00000000c4d00000|  0%| F|  |TAMS 0x00000000c4c00000, 0x00000000c4c00000| Untracked 
|  55|0x00000000c4d00000, 0x00000000c4d00000, 0x00000000c4e00000|  0%| F|  |TAMS 0x00000000c4d00000, 0x00000000c4d00000| Untracked 
|  56|0x00000000c4e00000, 0x00000000c4e00000, 0x00000000c4f00000|  0%| F|  |TAMS 0x00000000c4e00000, 0x00000000c4e00000| Untracked 
|  57|0x00000000c4f00000, 0x00000000c4f00000, 0x00000000c5000000|  0%| F|  |TAMS 0x00000000c4f00000, 0x00000000c4f00000| Untracked 
|  58|0x00000000c5000000, 0x00000000c5000000, 0x00000000c5100000|  0%| F|  |TAMS 0x00000000c5000000, 0x00000000c5000000| Untracked 
|  59|0x00000000c5100000, 0x00000000c5100000, 0x00000000c5200000|  0%| F|  |TAMS 0x00000000c5100000, 0x00000000c5100000| Untracked 
|  60|0x00000000c5200000, 0x00000000c5200000, 0x00000000c5300000|  0%| F|  |TAMS 0x00000000c5200000, 0x00000000c5200000| Untracked 
|  61|0x00000000c5300000, 0x00000000c53abe00, 0x00000000c5400000| 67%| S|CS|TAMS 0x00000000c5300000, 0x00000000c5300000| Complete 
|  62|0x00000000c5400000, 0x00000000c5500000, 0x00000000c5500000|100%| S|CS|TAMS 0x00000000c5400000, 0x00000000c5400000| Complete 
|  63|0x00000000c5500000, 0x00000000c5500000, 0x00000000c5600000|  0%| F|  |TAMS 0x00000000c5500000, 0x00000000c5500000| Untracked 

Card table byte_map: [0x0000014c7f790000,0x0000014c7f990000] _byte_map_base: 0x0000014c7f185000

Marking Bits (Prev, Next): (CMBitMap*) 0x0000014c7f4ee3e8, (CMBitMap*) 0x0000014c7f4ee428
 Prev Bits: [0x0000014c18ae0000, 0x0000014c19a88000)
 Next Bits: [0x0000014c19a90000, 0x0000014c1aa38000)

Polling page: 0x0000014c7e840000

Metaspace:

Usage:
  Non-class:      5.71 MB capacity,     5.64 MB ( 99%) used,    53.66 KB ( <1%) free+waste,    17.88 KB ( <1%) overhead. 
      Class:    899.00 KB capacity,   777.67 KB ( 87%) used,   108.77 KB ( 12%) free+waste,    12.56 KB (  1%) overhead. 
       Both:      6.59 MB capacity,     6.40 MB ( 97%) used,   162.42 KB (  2%) free+waste,    30.44 KB ( <1%) overhead. 

Virtual space:
  Non-class space:       20.00 MB reserved,       5.75 MB ( 29%) committed 
      Class space:        1.00 GB reserved,       1.00 MB ( <1%) committed 
             Both:        1.02 GB reserved,       6.75 MB ( <1%) committed 

Chunk freelists:
   Non-Class:  40.00 KB
       Class:  29.00 KB
        Both:  69.00 KB

MaxMetaspaceSize: 17179869184.00 GB
CompressedClassSpaceSize: 1.00 GB

CodeHeap 'non-profiled nmethods': size=120000Kb used=176Kb max_used=176Kb free=119823Kb
 bounds [0x0000014c115b0000, 0x0000014c11820000, 0x0000014c18ae0000]
CodeHeap 'profiled nmethods': size=120000Kb used=841Kb max_used=841Kb free=119158Kb
 bounds [0x0000014c0a080000, 0x0000014c0a2f0000, 0x0000014c115b0000]
CodeHeap 'non-nmethods': size=5760Kb used=1239Kb max_used=1239Kb free=4521Kb
 bounds [0x0000014c09ae0000, 0x0000014c09d50000, 0x0000014c0a080000]
 total_blobs=1438 nmethods=559 adapters=428
 compilation: enabled
              stopped_count=0, restarted_count=0
 full_count=0

Compilation events (20 events):
Event: 0.776 Thread 0x0000014c1cbb5800  550       3       java.lang.Class::reflectionData (43 bytes)
Event: 0.776 Thread 0x0000014c1cbb5800 nmethod 550 0x0000014c0a150d90 code [0x0000014c0a150f60, 0x0000014c0a151398]
Event: 0.777 Thread 0x0000014c1cbb5800  551       1       java.lang.reflect.Field::getModifiers (5 bytes)
Event: 0.777 Thread 0x0000014c1cbb5800 nmethod 551 0x0000014c115dae90 code [0x0000014c115db020, 0x0000014c115db0f8]
Event: 0.777 Thread 0x0000014c1cbb5800  552       3       jdk.internal.reflect.MagicAccessorImpl::<init> (5 bytes)
Event: 0.777 Thread 0x0000014c1cbb5800 nmethod 552 0x0000014c0a151510 code [0x0000014c0a1516a0, 0x0000014c0a151818]
Event: 0.777 Thread 0x0000014c1cbb5800  553       3       java.awt.AWTKeyStroke::hashCode (36 bytes)
Event: 0.777 Thread 0x0000014c1cbb5800 nmethod 553 0x0000014c0a151910 code [0x0000014c0a151aa0, 0x0000014c0a151c38]
Event: 0.778 Thread 0x0000014c1cbb5800  554       1       java.lang.invoke.StringConcatFactory$Recipe::getElements (5 bytes)
Event: 0.778 Thread 0x0000014c1cbb5800 nmethod 554 0x0000014c115db190 code [0x0000014c115db320, 0x0000014c115db3f8]
Event: 0.778 Thread 0x0000014c1cbb5800  555       1       java.util.ArrayList::size (5 bytes)
Event: 0.778 Thread 0x0000014c1cbb5800 nmethod 555 0x0000014c115db490 code [0x0000014c115db620, 0x0000014c115db6f8]
Event: 0.778 Thread 0x0000014c1cbb5800  556       1       java.lang.invoke.StringConcatFactory$RecipeElement::getTag (5 bytes)
Event: 0.778 Thread 0x0000014c1cbb5800 nmethod 556 0x0000014c115db790 code [0x0000014c115db920, 0x0000014c115db9f8]
Event: 0.781 Thread 0x0000014c1cbb5800  557  s    3       java.util.Hashtable::get (69 bytes)
Event: 0.781 Thread 0x0000014c1cbb5800 nmethod 557 0x0000014c0a151d10 code [0x0000014c0a151ee0, 0x0000014c0a152518]
Event: 0.782 Thread 0x0000014c1cbb5800  558       1       javax.swing.text.GapVector::getGapStart (5 bytes)
Event: 0.782 Thread 0x0000014c1cbb5800 nmethod 558 0x0000014c115dba90 code [0x0000014c115dbc20, 0x0000014c115dbcf8]
Event: 0.782 Thread 0x0000014c1cbb5800  559       1       javax.swing.text.GapVector::getGapEnd (5 bytes)
Event: 0.782 Thread 0x0000014c1cbb5800 nmethod 559 0x0000014c115dbd90 code [0x0000014c115dbf20, 0x0000014c115dbff8]

GC Heap History (4 events):
Event: 0.738 GC heap before
{Heap before GC invocations=0 (full 0):
 garbage-first heap   total 65536K, used 14336K [0x00000000c1600000, 0x0000000100000000)
  region size 1024K, 13 young (13312K), 0 survivors (0K)
 Metaspace       used 5340K, capacity 5560K, committed 5632K, reserved 1056768K
  class space    used 599K, capacity 738K, committed 768K, reserved 1048576K
}
Event: 0.742 GC heap after
{Heap after GC invocations=1 (full 0):
 garbage-first heap   total 65536K, used 2521K [0x00000000c1600000, 0x0000000100000000)
  region size 1024K, 2 young (2048K), 2 survivors (2048K)
 Metaspace       used 5340K, capacity 5560K, committed 5632K, reserved 1056768K
  class space    used 599K, capacity 738K, committed 768K, reserved 1048576K
}
Event: 0.784 GC heap before
{Heap before GC invocations=1 (full 0):
 garbage-first heap   total 65536K, used 2521K [0x00000000c1600000, 0x0000000100000000)
  region size 1024K, 3 young (3072K), 2 survivors (2048K)
 Metaspace       used 6554K, capacity 6747K, committed 6912K, reserved 1067008K
  class space    used 777K, capacity 899K, committed 1024K, reserved 1048576K
}
Event: 0.812 GC heap after
{Heap after GC invocations=2 (full 0):
 garbage-first heap   total 65536K, used 2735K [0x00000000c1600000, 0x0000000100000000)
  region size 1024K, 2 young (2048K), 2 survivors (2048K)
 Metaspace       used 6554K, capacity 6747K, committed 6912K, reserved 1067008K
  class space    used 777K, capacity 899K, committed 1024K, reserved 1048576K
}

Deoptimization events (20 events):
Event: 0.671 Thread 0x0000014c7f4bb800 DEOPT PACKING pc=0x0000014c0a1440c0 sp=0x0000001e9e8fe100
Event: 0.671 Thread 0x0000014c7f4bb800 DEOPT UNPACKING pc=0x0000014c09b2964e sp=0x0000001e9e8fd5d8 mode 0
Event: 0.671 Thread 0x0000014c7f4bb800 DEOPT PACKING pc=0x0000014c0a1440c0 sp=0x0000001e9e8fe100
Event: 0.671 Thread 0x0000014c7f4bb800 DEOPT UNPACKING pc=0x0000014c09b2964e sp=0x0000001e9e8fd5d8 mode 0
Event: 0.671 Thread 0x0000014c7f4bb800 DEOPT PACKING pc=0x0000014c0a1440c0 sp=0x0000001e9e8fe100
Event: 0.671 Thread 0x0000014c7f4bb800 DEOPT UNPACKING pc=0x0000014c09b2964e sp=0x0000001e9e8fd5d8 mode 0
Event: 0.671 Thread 0x0000014c7f4bb800 DEOPT PACKING pc=0x0000014c0a1440c0 sp=0x0000001e9e8fe100
Event: 0.671 Thread 0x0000014c7f4bb800 DEOPT UNPACKING pc=0x0000014c09b2964e sp=0x0000001e9e8fd5d8 mode 0
Event: 0.672 Thread 0x0000014c7f4bb800 DEOPT PACKING pc=0x0000014c0a1440c0 sp=0x0000001e9e8fe100
Event: 0.672 Thread 0x0000014c7f4bb800 DEOPT UNPACKING pc=0x0000014c09b2964e sp=0x0000001e9e8fd5d8 mode 0
Event: 0.672 Thread 0x0000014c7f4bb800 DEOPT PACKING pc=0x0000014c0a1440c0 sp=0x0000001e9e8fe100
Event: 0.672 Thread 0x0000014c7f4bb800 DEOPT UNPACKING pc=0x0000014c09b2964e sp=0x0000001e9e8fd5d8 mode 0
Event: 0.672 Thread 0x0000014c7f4bb800 DEOPT PACKING pc=0x0000014c0a1440c0 sp=0x0000001e9e8fe100
Event: 0.672 Thread 0x0000014c7f4bb800 DEOPT UNPACKING pc=0x0000014c09b2964e sp=0x0000001e9e8fd5d8 mode 0
Event: 0.672 Thread 0x0000014c7f4bb800 DEOPT PACKING pc=0x0000014c0a1440c0 sp=0x0000001e9e8fe100
Event: 0.672 Thread 0x0000014c7f4bb800 DEOPT UNPACKING pc=0x0000014c09b2964e sp=0x0000001e9e8fd5d8 mode 0
Event: 0.673 Thread 0x0000014c7f4bb800 DEOPT PACKING pc=0x0000014c0a1440c0 sp=0x0000001e9e8fe100
Event: 0.673 Thread 0x0000014c7f4bb800 DEOPT UNPACKING pc=0x0000014c09b2964e sp=0x0000001e9e8fd5d8 mode 0
Event: 0.673 Thread 0x0000014c7f4bb800 DEOPT PACKING pc=0x0000014c0a1440c0 sp=0x0000001e9e8fe100
Event: 0.673 Thread 0x0000014c7f4bb800 DEOPT UNPACKING pc=0x0000014c09b2964e sp=0x0000001e9e8fd5d8 mode 0

Classes unloaded (0 events):
No events

Classes redefined (0 events):
No events

Internal exceptions (19 events):
Event: 0.170 Thread 0x0000014c7f4bb800 Exception <a 'java/lang/NoSuchMethodError'{0x00000000c55ab060}: 'int java.lang.invoke.DirectMethodHandle$Holder.invokeSpecial(java.lang.Object, java.lang.Object, java.lang.Object, java.lang.Object)'> (0x00000000c55ab060) 
thrown [./open/src/hotspot/share/interpreter/linkResolver.cpp, line 766]
Event: 0.175 Thread 0x0000014c7f4bb800 Exception <a 'java/lang/NoSuchMethodError'{0x00000000c55b2f18}: 'void java.lang.invoke.DirectMethodHandle$Holder.invokeVirtual(java.lang.Object, java.lang.Object)'> (0x00000000c55b2f18) 
thrown [./open/src/hotspot/share/interpreter/linkResolver.cpp, line 766]
Event: 0.196 Thread 0x0000014c7f4bb800 Exception <a 'java/lang/NoSuchMethodError'{0x00000000c5414f30}: 'void java.lang.invoke.DirectMethodHandle$Holder.invokeSpecial(java.lang.Object, java.lang.Object, java.lang.Object, java.lang.Object)'> (0x00000000c5414f30) 
thrown [./open/src/hotspot/share/interpreter/linkResolver.cpp, line 766]
Event: 0.292 Thread 0x0000014c7f4bb800 Exception <a 'sun/nio/fs/WindowsException'{0x00000000c54a41f0}> (0x00000000c54a41f0) 
thrown [./open/src/hotspot/share/prims/jni.cpp, line 599]
Event: 0.305 Thread 0x0000014c7f4bb800 Exception <a 'java/lang/ClassNotFoundException'{0x00000000c54bd2a8}: sun/awt/resources/spi/awtProvider> (0x00000000c54bd2a8) 
thrown [./open/src/hotspot/share/classfile/systemDictionary.cpp, line 226]
Event: 0.347 Thread 0x0000014c7f4bb800 Exception <a 'java/io/FileNotFoundException'{0x00000000c530c150}> (0x00000000c530c150) 
thrown [./open/src/hotspot/share/prims/jni.cpp, line 599]
Event: 0.369 Thread 0x0000014c7f4bb800 Exception <a 'java/io/FileNotFoundException'{0x00000000c53326b0}> (0x00000000c53326b0) 
thrown [./open/src/hotspot/share/prims/jni.cpp, line 599]
Event: 0.461 Thread 0x0000014c1d771000 Exception <a 'java/lang/NoSuchMethodError'{0x00000000c53cd118}: 'void java.lang.invoke.DirectMethodHandle$Holder.invokeSpecial(java.lang.Object, java.lang.Object)'> (0x00000000c53cd118) 
thrown [./open/src/hotspot/share/interpreter/linkResolver.cpp, line 766]
Event: 0.538 Thread 0x0000014c7f4bb800 Exception <a 'java/lang/NoSuchMethodError'{0x00000000c5225ca8}: 'java.lang.Object java.lang.invoke.DirectMethodHandle$Holder.invokeStatic(java.lang.Object, int, java.lang.Object, java.lang.Object, java.lang.Object, java.lang.Object)'> (0x00000000c5225ca8) 
thrown [./open/src/hotspot/share/interpreter/linkResolver.cpp, line 766]
Event: 0.542 Thread 0x0000014c7f4bb800 Exception <a 'java/lang/NoSuchMethodError'{0x00000000c522c5c8}: 'java.lang.Object java.lang.invoke.DirectMethodHandle$Holder.invokeStatic(java.lang.Object, int, java.lang.Object, java.lang.Object, java.lang.Object)'> (0x00000000c522c5c8) 
thrown [./open/src/hotspot/share/interpreter/linkResolver.cpp, line 766]
Event: 0.543 Thread 0x0000014c7f4bb800 Exception <a 'java/lang/NoSuchMethodError'{0x00000000c522fe18}: 'java.lang.Object java.lang.invoke.DirectMethodHandle$Holder.invokeSpecial(java.lang.Object, java.lang.Object, int, java.lang.Object, java.lang.Object, java.lang.Object)'> (0x00000000c522fe18) 
thrown [./open/src/hotspot/share/interpreter/linkResolver.cpp, line 766]
Event: 0.550 Thread 0x0000014c7f4bb800 Exception <a 'java/lang/NoSuchMethodError'{0x00000000c5246568}: 'java.lang.Object java.lang.invoke.DirectMethodHandle$Holder.invokeStatic(java.lang.Object, int, java.lang.Object)'> (0x00000000c5246568) 
thrown [./open/src/hotspot/share/interpreter/linkResolver.cpp, line 766]
Event: 0.599 Thread 0x0000014c7f4bb800 Exception <a 'java/lang/ClassNotFoundException'{0x00000000c52ea478}: com/sun/swing/internal/plaf/metal/resources/spi/metalProvider> (0x00000000c52ea478) 
thrown [./open/src/hotspot/share/classfile/systemDictionary.cpp, line 226]
Event: 0.600 Thread 0x0000014c7f4bb800 Exception <a 'java/lang/ClassNotFoundException'{0x00000000c52ee4e0}: com/sun/swing/internal/plaf/basic/resources/spi/basicProvider> (0x00000000c52ee4e0) 
thrown [./open/src/hotspot/share/classfile/systemDictionary.cpp, line 226]
Event: 0.621 Thread 0x0000014c7f4bb800 Exception <a 'sun/nio/fs/WindowsException'{0x00000000c5110bc8}> (0x00000000c5110bc8) 
thrown [./open/src/hotspot/share/prims/jni.cpp, line 599]
Event: 0.622 Thread 0x0000014c7f4bb800 Exception <a 'sun/nio/fs/WindowsException'{0x00000000c5113c18}> (0x00000000c5113c18) 
thrown [./open/src/hotspot/share/prims/jni.cpp, line 599]
Event: 0.623 Thread 0x0000014c7f4bb800 Exception <a 'sun/nio/fs/WindowsException'{0x00000000c5116e98}> (0x00000000c5116e98) 
thrown [./open/src/hotspot/share/prims/jni.cpp, line 599]
Event: 0.625 Thread 0x0000014c7f4bb800 Exception <a 'sun/nio/fs/WindowsException'{0x00000000c5119848}> (0x00000000c5119848) 
thrown [./open/src/hotspot/share/prims/jni.cpp, line 599]
Event: 0.626 Thread 0x0000014c7f4bb800 Exception <a 'sun/nio/fs/WindowsException'{0x00000000c511c1a0}> (0x00000000c511c1a0) 
thrown [./open/src/hotspot/share/prims/jni.cpp, line 599]

Events (20 events):
Event: 0.781 loading class javax/swing/text/AbstractDocument$DefaultDocumentEvent done
Event: 0.781 loading class javax/swing/event/DocumentEvent$EventType
Event: 0.782 loading class javax/swing/event/DocumentEvent$EventType done
Event: 0.782 loading class sun/font/FontUtilities
Event: 0.782 loading class sun/font/FontUtilities done
Event: 0.782 loading class sun/font/FontUtilities$1
Event: 0.782 loading class sun/font/FontUtilities$1 done
Event: 0.782 loading class javax/swing/text/Segment
Event: 0.782 loading class java/text/CharacterIterator
Event: 0.782 loading class java/text/CharacterIterator done
Event: 0.782 loading class javax/swing/text/Segment done
Event: 0.782 loading class javax/swing/text/Utilities
Event: 0.782 loading class javax/swing/text/Utilities done
Event: 0.783 loading class javax/swing/text/SegmentCache
Event: 0.783 loading class javax/swing/text/SegmentCache done
Event: 0.783 loading class javax/swing/text/SegmentCache$CachedSegment
Event: 0.783 loading class javax/swing/text/SegmentCache$CachedSegment done
Event: 0.783 loading class sun/font/FontDesignMetrics
Event: 0.783 loading class java/awt/FontMetrics
Event: 0.784 Executing VM operation: CollectForMetadataAllocation


Dynamic libraries:
0x00007ff7645c0000 - 0x00007ff7645cf000 	C:\Program Files\Java\jdk-14.0.1\bin\javaw.exe
0x00007ffcd6180000 - 0x00007ffcd6370000 	C:\WINDOWS\SYSTEM32\ntdll.dll
0x00007ffcd4680000 - 0x00007ffcd4732000 	C:\WINDOWS\System32\KERNEL32.DLL
0x00007ffcd3920000 - 0x00007ffcd3bc4000 	C:\WINDOWS\System32\KERNELBASE.dll
0x00007ffcd3ee0000 - 0x00007ffcd3fda000 	C:\WINDOWS\System32\ucrtbase.dll
0x00007ffcc7840000 - 0x00007ffcc7855000 	C:\Program Files\Java\jdk-14.0.1\bin\VCRUNTIME140.dll
0x00007ffcc7790000 - 0x00007ffcc77a8000 	C:\Program Files\Java\jdk-14.0.1\bin\jli.dll
0x00007ffcd4230000 - 0x00007ffcd42d3000 	C:\WINDOWS\System32\ADVAPI32.dll
0x00007ffcd4350000 - 0x00007ffcd43ee000 	C:\WINDOWS\System32\msvcrt.dll
0x00007ffcd44d0000 - 0x00007ffcd4567000 	C:\WINDOWS\System32\sechost.dll
0x00007ffcd56d0000 - 0x00007ffcd57f0000 	C:\WINDOWS\System32\RPCRT4.dll
0x00007ffcd57f0000 - 0x00007ffcd5984000 	C:\WINDOWS\System32\USER32.dll
0x00007ffcd3110000 - 0x00007ffcd3131000 	C:\WINDOWS\System32\win32u.dll
0x00007ffcd43f0000 - 0x00007ffcd4416000 	C:\WINDOWS\System32\GDI32.dll
0x00007ffcd4090000 - 0x00007ffcd4224000 	C:\WINDOWS\System32\gdi32full.dll
0x00007ffcd3dd0000 - 0x00007ffcd3e6e000 	C:\WINDOWS\System32\msvcp_win.dll
0x00007ffcc7180000 - 0x00007ffcc7404000 	C:\WINDOWS\WinSxS\amd64_microsoft.windows.common-controls_6595b64144ccf1df_6.0.18362.836_none_e6c4b943130f18ed\COMCTL32.dll
0x00007ffcd5dd0000 - 0x00007ffcd6106000 	C:\WINDOWS\System32\combase.dll
0x00007ffcd4010000 - 0x00007ffcd4090000 	C:\WINDOWS\System32\bcryptPrimitives.dll
0x00007ffcc8680000 - 0x00007ffcc868a000 	C:\WINDOWS\SYSTEM32\VERSION.dll
0x00007ffcd6110000 - 0x00007ffcd613e000 	C:\WINDOWS\System32\IMM32.DLL
0x00007ffcc76f0000 - 0x00007ffcc778b000 	C:\Program Files\Java\jdk-14.0.1\bin\msvcp140.dll
0x00007ffca1d30000 - 0x00007ffca284e000 	C:\Program Files\Java\jdk-14.0.1\bin\server\jvm.dll
0x00007ffcd56c0000 - 0x00007ffcd56c8000 	C:\WINDOWS\System32\PSAPI.DLL
0x00007ffcbe760000 - 0x00007ffcbe769000 	C:\WINDOWS\SYSTEM32\WSOCK32.dll
0x00007ffcd5c80000 - 0x00007ffcd5cef000 	C:\WINDOWS\System32\WS2_32.dll
0x00007ffcd0860000 - 0x00007ffcd0884000 	C:\WINDOWS\SYSTEM32\WINMM.dll
0x00007ffcd0830000 - 0x00007ffcd085d000 	C:\WINDOWS\SYSTEM32\WINMMBASE.dll
0x00007ffcd3e90000 - 0x00007ffcd3eda000 	C:\WINDOWS\System32\cfgmgr32.dll
0x00007ffcd3050000 - 0x00007ffcd3061000 	C:\WINDOWS\System32\kernel.appcore.dll
0x00007ffcc9600000 - 0x00007ffcc960a000 	C:\Program Files\Java\jdk-14.0.1\bin\jimage.dll
0x00007ffcd1a20000 - 0x00007ffcd1c14000 	C:\WINDOWS\SYSTEM32\DBGHELP.DLL
0x00007ffcc16b0000 - 0x00007ffcc16da000 	C:\WINDOWS\SYSTEM32\dbgcore.DLL
0x00007ffcbd120000 - 0x00007ffcbd145000 	C:\Program Files\Java\jdk-14.0.1\bin\java.dll
0x00007ffcbc9d0000 - 0x00007ffcbc9e6000 	C:\Program Files\Java\jdk-14.0.1\bin\zip.dll
0x00007ffcd4920000 - 0x00007ffcd5004000 	C:\WINDOWS\System32\SHELL32.dll
0x00007ffcd45d0000 - 0x00007ffcd4679000 	C:\WINDOWS\System32\shcore.dll
0x00007ffcd3140000 - 0x00007ffcd38be000 	C:\WINDOWS\System32\windows.storage.dll
0x00007ffcd30c0000 - 0x00007ffcd30e3000 	C:\WINDOWS\System32\profapi.dll
0x00007ffcd3070000 - 0x00007ffcd30ba000 	C:\WINDOWS\System32\powrprof.dll
0x00007ffcd3040000 - 0x00007ffcd3050000 	C:\WINDOWS\System32\UMPDC.dll
0x00007ffcd4570000 - 0x00007ffcd45c2000 	C:\WINDOWS\System32\shlwapi.dll
0x00007ffcd3e70000 - 0x00007ffcd3e87000 	C:\WINDOWS\System32\cryptsp.dll
0x00007ffcb1010000 - 0x00007ffcb1029000 	C:\Program Files\Java\jdk-14.0.1\bin\net.dll
0x00007ffcc94c0000 - 0x00007ffcc95b0000 	C:\WINDOWS\SYSTEM32\WINHTTP.dll
0x00007ffcd2850000 - 0x00007ffcd28b7000 	C:\WINDOWS\system32\mswsock.dll
0x00007ffcab560000 - 0x00007ffcab572000 	C:\Program Files\Java\jdk-14.0.1\bin\nio.dll
0x00007ffcaa730000 - 0x00007ffcaa8c8000 	C:\Program Files\Java\jdk-14.0.1\bin\awt.dll
0x00007ffcd5990000 - 0x00007ffcd5a54000 	C:\WINDOWS\System32\OLEAUT32.dll
0x00007ffcd0ee0000 - 0x00007ffcd0f6f000 	C:\WINDOWS\SYSTEM32\apphelp.dll
0x00007ffcd1400000 - 0x00007ffcd142d000 	C:\WINDOWS\system32\DWMAPI.DLL
0x00007ffcd10a0000 - 0x00007ffcd1139000 	C:\WINDOWS\system32\uxtheme.dll
0x00007ffcb9a90000 - 0x00007ffcb9be6000 	C:\WINDOWS\system32\opengl32.dll
0x00007ffcb9fc0000 - 0x00007ffcb9fec000 	C:\WINDOWS\SYSTEM32\GLU32.dll
0x00007ffcd1c90000 - 0x00007ffcd1cb0000 	C:\WINDOWS\SYSTEM32\dxcore.dll
0x00007ffcd4740000 - 0x00007ffcd4876000 	C:\WINDOWS\System32\MSCTF.dll
0x00007ffcaa1d0000 - 0x00007ffcaa257000 	C:\Program Files (x86)\TeamViewer\tv_x64.dll
0x00007ffcd5a60000 - 0x00007ffcd5bb7000 	C:\WINDOWS\System32\ole32.dll
0x00007ffcaa700000 - 0x00007ffcaa72d000 	C:\Program Files\Java\jdk-14.0.1\bin\javajpeg.dll

dbghelp: loaded successfully - version: 4.0.5 - missing functions: none
symbol engine: initialized successfully - sym options: 0x614 - pdb path: .;C:\Program Files\Java\jdk-14.0.1\bin;C:\WINDOWS\SYSTEM32;C:\WINDOWS\WinSxS\amd64_microsoft.windows.common-controls_6595b64144ccf1df_6.0.18362.836_none_e6c4b943130f18ed;C:\Program Files\Java\jdk-14.0.1\bin\server;C:\Program Files (x86)\TeamViewer

VM Arguments:
jvm_args: -Dfile.encoding=Cp1252 --module-path=C:\Users\Administrator\eclipse-workspace\Fridge_Organizer\bin -Djdk.module.main=Fridge_Organizer 
java_command: Fridge_Organizer/frontend.Login
java_class_path (initial): D:\Bootcamp\Database Driver JAR files\mysql-connector-java-5.1.5-bin.jar
Launcher Type: SUN_STANDARD

[Global flags]
     intx CICompilerCount                          = 3                                         {product} {ergonomic}
     uint ConcGCThreads                            = 1                                         {product} {ergonomic}
     uint G1ConcRefinementThreads                  = 4                                         {product} {ergonomic}
   size_t G1HeapRegionSize                         = 1048576                                   {product} {ergonomic}
    uintx GCDrainStackTargetSize                   = 64                                        {product} {ergonomic}
   size_t InitialHeapSize                          = 67108864                                  {product} {ergonomic}
   size_t MarkStackSize                            = 4194304                                   {product} {ergonomic}
   size_t MaxHeapSize                              = 1050673152                                {product} {ergonomic}
   size_t MaxNewSize                               = 630194176                                 {product} {ergonomic}
   size_t MinHeapDeltaBytes                        = 1048576                                   {product} {ergonomic}
   size_t MinHeapSize                              = 8388608                                   {product} {ergonomic}
    uintx NonNMethodCodeHeapSize                   = 5832780                                {pd product} {ergonomic}
    uintx NonProfiledCodeHeapSize                  = 122912730                              {pd product} {ergonomic}
    uintx ProfiledCodeHeapSize                     = 122912730                              {pd product} {ergonomic}
    uintx ReservedCodeCacheSize                    = 251658240                              {pd product} {ergonomic}
     bool SegmentedCodeCache                       = true                                      {product} {ergonomic}
   size_t SoftMaxHeapSize                          = 1050673152                             {manageable} {ergonomic}
     bool UseCompressedClassPointers               = true                                 {lp64_product} {ergonomic}
     bool UseCompressedOops                        = true                                 {lp64_product} {ergonomic}
     bool UseG1GC                                  = true                                      {product} {ergonomic}
     bool UseLargePagesIndividualAllocation        = false                                  {pd product} {ergonomic}

Logging:
Log output configuration:
 #0: stdout all=warning uptime,level,tags
 #1: stderr all=off uptime,level,tags

Environment Variables:
JAVA_HOME=D:\Android\openjdk
PATH=D:/Android/openjdk/bin/../jre/bin/server;D:/Android/openjdk/bin/../jre/bin;D:/Android/openjdk/bin/../jre/lib/amd64;C:\WINDOWS\system32;C:\WINDOWS;C:\WINDOWS\System32\Wbem;C:\WINDOWS\System32\WindowsPowerShell\v1.0\;C:\WINDOWS\System32\OpenSSH\;C:\TDM-GCC-64\bin;D:\Android\sdk;D:\Android\flutter\bin;D:\Android\sdk\bin;C:\Program Files\Git\cmd;D:\Android\openjdk\bin;C:\Users\Administrator\AppData\Local\Programs\Python\Python38\Scripts\;C:\Users\Administrator\AppData\Local\Programs\Python\Python38\;C:\WINDOWS\system32;C:\WINDOWS;C:\WINDOWS\System32\Wbem;C:\WINDOWS\System32\WindowsPowerShell\v1.0\;C:\WINDOWS\System32\OpenSSH\;C:\TDM-GCC-64\bin;C:\Users\Administrator\AppData\Local\Microsoft\WindowsApps;;C:\Users\Administrator\AppData\Local\Programs\Microsoft VS Code\bin;D:\Android\sdk;D:\Android\sdk\bin;D:\Android\flutter\bin;C:\WINDOWS\system32;
USERNAME=Administrator
OS=Windows_NT
PROCESSOR_IDENTIFIER=Intel64 Family 6 Model 61 Stepping 4, GenuineIntel



---------------  S Y S T E M  ---------------

OS: Windows 10 , 64 bit Build 18362 (10.0.18362.778)
OS uptime: 0 days 6:38 hours

CPU:total 4 (initial active 4) (2 cores per cpu, 2 threads per core) family 6 model 61 stepping 4, cmov, cx8, fxsr, mmx, sse, sse2, sse3, ssse3, sse4.1, sse4.2, popcnt, avx, avx2, aes, clmul, erms, 3dnowpref, lzcnt, ht, tsc, tscinvbit, bmi1, bmi2, adx, fma

Memory: 4k page, system-wide physical 4005M (810M free)
TotalPageFile size 16293M (AvailPageFile size 4M)
current process WorkingSet (physical memory assigned to process): 59M, peak: 59M
current process commit charge ("private bytes"): 145M, peak: 146M

vm_info: Java HotSpot(TM) 64-Bit Server VM (14.0.1+7) for windows-amd64 JRE (14.0.1+7), built on Mar  5 2020 10:30:14 by "mach5one" with MS VC++ 15.9 (VS2017)

END.
