#
# There is insufficient memory for the Java Runtime Environment to continue.
# Native memory allocation (mmap) failed to map 67108864 bytes for Failed to commit area from 0x00000000c1600000 to 0x00000000c5600000 of length 67108864.
# Possible reasons:
#   The system is out of physical RAM or swap space
#   The process is running with CompressedOops enabled, and the Java Heap may be blocking the growth of the native heap
# Possible solutions:
#   Reduce memory load on the system
#   Increase physical memory or swap space
#   Check if swap backing store is full
#   Decrease Java heap size (-Xmx/-Xms)
#   Decrease number of Java threads
#   Decrease Java thread stack sizes (-Xss)
#   Set larger code cache with -XX:ReservedCodeCacheSize=
#   JVM is running with Unscaled Compressed Oops mode in which the Java heap is
#     placed in the first 4GB address space. The Java Heap base address is the
#     maximum limit for the native heap growth. Please use -XX:HeapBaseMinAddress
#     to set the Java Heap base and to place the Java Heap above 4GB virtual address.
# This output file may be truncated or incomplete.
#
#  Out of Memory Error (./open/src/hotspot/os/windows/os_windows.cpp:3315), pid=16608, tid=16956
#
# JRE version:  (14.0.1+7) (build )
# Java VM: Java HotSpot(TM) 64-Bit Server VM (14.0.1+7, mixed mode, sharing, tiered, compressed oops, g1 gc, windows-amd64)
# No core dump will be written. Minidumps are not enabled by default on client versions of Windows
#

---------------  S U M M A R Y ------------

Command Line: -Dfile.encoding=Cp1252 --module-path=C:\Users\Administrator\eclipse-workspace\Fridge_Organizer\bin -Djdk.module.main=Fridge_Organizer Fridge_Organizer/frontend.Login

Host: Intel(R) Core(TM) i3-5005U CPU @ 2.00GHz, 4 cores, 3G,  Windows 10 , 64 bit Build 18362 (10.0.18362.778)
Time: Sat Jul 18 23:52:28 2020 India Standard Time elapsed time: 0 seconds (0d 0h 0m 0s)

---------------  T H R E A D  ---------------

Current thread (0x000001c05a66a800):  JavaThread "Unknown thread" [_thread_in_vm, id=16956, stack(0x00000092f8600000,0x00000092f8700000)]

Stack: [0x00000092f8600000,0x00000092f8700000]
Native frames: (J=compiled Java code, j=interpreted, Vv=VM code, C=native code)
V  [jvm.dll+0x5f840a]
V  [jvm.dll+0x741e4a]
V  [jvm.dll+0x7435ff]
V  [jvm.dll+0x743c43]
V  [jvm.dll+0x20d288]
V  [jvm.dll+0x5f57ba]
V  [jvm.dll+0x5ea615]
V  [jvm.dll+0x2c7e9c]
V  [jvm.dll+0x2c7cd2]
V  [jvm.dll+0x2cdbbc]
V  [jvm.dll+0x313ff8]
V  [jvm.dll+0x313720]
V  [jvm.dll+0x2a092a]
V  [jvm.dll+0x2a1a79]
V  [jvm.dll+0x71f718]
V  [jvm.dll+0x321c44]
V  [jvm.dll+0x700b0c]
V  [jvm.dll+0x392dff]
V  [jvm.dll+0x394e71]
C  [jli.dll+0x523b]
C  [ucrtbase.dll+0x20e82]
C  [KERNEL32.DLL+0x17bd4]
C  [ntdll.dll+0x6ce51]


---------------  P R O C E S S  ---------------

Threads class SMR info:
_java_thread_list=0x00007ffd31df3078, length=0, elements={
}

Java Threads: ( => current thread )

Other Threads:
  0x000001c05a69a000 GCTaskThread "GC Thread#0" [stack: 0x00000092f8700000,0x00000092f8800000] [id=7456]
  0x000001c05a6a6800 ConcurrentGCThread "G1 Main Marker" [stack: 0x00000092f8800000,0x00000092f8900000] [id=16432]
  0x000001c05a6a8000 ConcurrentGCThread "G1 Conc#0" [stack: 0x00000092f8900000,0x00000092f8a00000] [id=5744]

[error occurred during error reporting (printing all threads), id 0xc0000005, EXCEPTION_ACCESS_VIOLATION (0xc0000005) at pc=0x00007ffd31621257]

VM state:not at safepoint (not fully initialized)

VM Mutex/Monitor currently owned by a thread:  ([mutex/lock_event])
[0x000001c05a665f90] Heap_lock - owner thread: 0x000001c05a66a800

Heap address: 0x00000000c1600000, size: 1002 MB, Compressed Oops mode: 32-bit
Narrow klass base: 0x0000000000000000, Narrow klass shift: 0

GC Heap History (0 events):
No events

Deoptimization events (0 events):
No events

Classes unloaded (0 events):
No events

Classes redefined (0 events):
No events

Internal exceptions (0 events):
No events

Events (2 events):
Event: 0.014 Loaded shared library C:\Program Files\Java\jdk-14.0.1\bin\java.dll
Event: 0.015 Loaded shared library C:\Program Files\Java\jdk-14.0.1\bin\zip.dll


Dynamic libraries:
0x00007ff6bf810000 - 0x00007ff6bf81f000 	C:\Program Files\Java\jdk-14.0.1\bin\javaw.exe
0x00007ffd6f300000 - 0x00007ffd6f4f0000 	C:\WINDOWS\SYSTEM32\ntdll.dll
0x00007ffd6f170000 - 0x00007ffd6f222000 	C:\WINDOWS\System32\KERNEL32.DLL
0x00007ffd6c460000 - 0x00007ffd6c704000 	C:\WINDOWS\System32\KERNELBASE.dll
0x00007ffd6c360000 - 0x00007ffd6c45a000 	C:\WINDOWS\System32\ucrtbase.dll
0x00007ffd68760000 - 0x00007ffd68775000 	C:\Program Files\Java\jdk-14.0.1\bin\VCRUNTIME140.dll
0x00007ffd60ce0000 - 0x00007ffd60cf8000 	C:\Program Files\Java\jdk-14.0.1\bin\jli.dll
0x00007ffd6e560000 - 0x00007ffd6e603000 	C:\WINDOWS\System32\ADVAPI32.dll
0x00007ffd6e6a0000 - 0x00007ffd6e73e000 	C:\WINDOWS\System32\msvcrt.dll
0x00007ffd6d430000 - 0x00007ffd6d4c7000 	C:\WINDOWS\System32\sechost.dll
0x00007ffd6d4d0000 - 0x00007ffd6d5f0000 	C:\WINDOWS\System32\RPCRT4.dll
0x00007ffd6ece0000 - 0x00007ffd6ee74000 	C:\WINDOWS\System32\USER32.dll
0x00007ffd6d130000 - 0x00007ffd6d151000 	C:\WINDOWS\System32\win32u.dll
0x00007ffd6ecb0000 - 0x00007ffd6ecd6000 	C:\WINDOWS\System32\GDI32.dll
0x00007ffd5edf0000 - 0x00007ffd5f074000 	C:\WINDOWS\WinSxS\amd64_microsoft.windows.common-controls_6595b64144ccf1df_6.0.18362.836_none_e6c4b943130f18ed\COMCTL32.dll
0x00007ffd6d210000 - 0x00007ffd6d3a4000 	C:\WINDOWS\System32\gdi32full.dll
0x00007ffd6c910000 - 0x00007ffd6c9ae000 	C:\WINDOWS\System32\msvcp_win.dll
0x00007ffd6e970000 - 0x00007ffd6eca6000 	C:\WINDOWS\System32\combase.dll
0x00007ffd6d190000 - 0x00007ffd6d210000 	C:\WINDOWS\System32\bcryptPrimitives.dll
0x00007ffd61700000 - 0x00007ffd6170a000 	C:\WINDOWS\SYSTEM32\VERSION.dll
0x00007ffd6f230000 - 0x00007ffd6f25e000 	C:\WINDOWS\System32\IMM32.DLL
0x00007ffd5c2c0000 - 0x00007ffd5c35b000 	C:\Program Files\Java\jdk-14.0.1\bin\msvcp140.dll
0x00007ffd31370000 - 0x00007ffd31e8e000 	C:\Program Files\Java\jdk-14.0.1\bin\server\jvm.dll
0x00007ffd6e690000 - 0x00007ffd6e698000 	C:\WINDOWS\System32\PSAPI.DLL
0x00007ffd58ad0000 - 0x00007ffd58ad9000 	C:\WINDOWS\SYSTEM32\WSOCK32.dll
0x00007ffd6f030000 - 0x00007ffd6f09f000 	C:\WINDOWS\System32\WS2_32.dll
0x00007ffd699e0000 - 0x00007ffd69a04000 	C:\WINDOWS\SYSTEM32\WINMM.dll
0x00007ffd699b0000 - 0x00007ffd699dd000 	C:\WINDOWS\SYSTEM32\winmmbase.dll
0x00007ffd6c2b0000 - 0x00007ffd6c2fa000 	C:\WINDOWS\System32\cfgmgr32.dll
0x00007ffd6c240000 - 0x00007ffd6c251000 	C:\WINDOWS\System32\kernel.appcore.dll
0x00007ffd68750000 - 0x00007ffd6875a000 	C:\Program Files\Java\jdk-14.0.1\bin\jimage.dll
0x00007ffd6aba0000 - 0x00007ffd6ad94000 	C:\WINDOWS\SYSTEM32\DBGHELP.DLL
0x00007ffd5ab10000 - 0x00007ffd5ab3a000 	C:\WINDOWS\SYSTEM32\dbgcore.DLL
0x00007ffd60cb0000 - 0x00007ffd60cd5000 	C:\Program Files\Java\jdk-14.0.1\bin\java.dll
0x00007ffd60c90000 - 0x00007ffd60ca6000 	C:\Program Files\Java\jdk-14.0.1\bin\zip.dll

dbghelp: loaded successfully - version: 4.0.5 - missing functions: none
symbol engine: initialized successfully - sym options: 0x614 - pdb path: .;C:\Program Files\Java\jdk-14.0.1\bin;C:\WINDOWS\SYSTEM32;C:\WINDOWS\WinSxS\amd64_microsoft.windows.common-controls_6595b64144ccf1df_6.0.18362.836_none_e6c4b943130f18ed;C:\Program Files\Java\jdk-14.0.1\bin\server

VM Arguments:
jvm_args: -Dfile.encoding=Cp1252 --module-path=C:\Users\Administrator\eclipse-workspace\Fridge_Organizer\bin -Djdk.module.main=Fridge_Organizer 
java_command: Fridge_Organizer/frontend.Login
java_class_path (initial): D:\Bootcamp\Database Driver JAR files\mysql-connector-java-5.1.5-bin.jar
Launcher Type: SUN_STANDARD

[Global flags]
     intx CICompilerCount                          = 3                                         {product} {ergonomic}
     uint ConcGCThreads                            = 1                                         {product} {ergonomic}
     uint G1ConcRefinementThreads                  = 4                                         {product} {ergonomic}
   size_t G1HeapRegionSize                         = 1048576                                   {product} {ergonomic}
    uintx GCDrainStackTargetSize                   = 64                                        {product} {ergonomic}
   size_t InitialHeapSize                          = 67108864                                  {product} {ergonomic}
   size_t MarkStackSize                            = 4194304                                   {product} {ergonomic}
   size_t MaxHeapSize                              = 1050673152                                {product} {ergonomic}
   size_t MinHeapDeltaBytes                        = 1048576                                   {product} {ergonomic}
   size_t MinHeapSize                              = 8388608                                   {product} {ergonomic}
    uintx NonNMethodCodeHeapSize                   = 5832780                                {pd product} {ergonomic}
    uintx NonProfiledCodeHeapSize                  = 122912730                              {pd product} {ergonomic}
    uintx ProfiledCodeHeapSize                     = 122912730                              {pd product} {ergonomic}
    uintx ReservedCodeCacheSize                    = 251658240                              {pd product} {ergonomic}
     bool SegmentedCodeCache                       = true                                      {product} {ergonomic}
   size_t SoftMaxHeapSize                          = 1050673152                             {manageable} {ergonomic}
     bool UseCompressedClassPointers               = true                                 {lp64_product} {ergonomic}
     bool UseCompressedOops                        = true                                 {lp64_product} {ergonomic}
     bool UseG1GC                                  = true                                      {product} {ergonomic}
     bool UseLargePagesIndividualAllocation        = false                                  {pd product} {ergonomic}

Logging:
Log output configuration:
 #0: stdout all=warning uptime,level,tags
 #1: stderr all=off uptime,level,tags

Environment Variables:
JAVA_HOME=D:\Android\openjdk
PATH=D:/Android/openjdk/bin/../jre/bin/server;D:/Android/openjdk/bin/../jre/bin;D:/Android/openjdk/bin/../jre/lib/amd64;C:\WINDOWS\system32;C:\WINDOWS;C:\WINDOWS\System32\Wbem;C:\WINDOWS\System32\WindowsPowerShell\v1.0\;C:\WINDOWS\System32\OpenSSH\;C:\TDM-GCC-64\bin;D:\Android\sdk;D:\Android\flutter\bin;D:\Android\sdk\bin;C:\Program Files\Git\cmd;D:\Android\openjdk\bin;C:\Users\Administrator\AppData\Local\Programs\Python\Python38\Scripts\;C:\Users\Administrator\AppData\Local\Programs\Python\Python38\;C:\WINDOWS\system32;C:\WINDOWS;C:\WINDOWS\System32\Wbem;C:\WINDOWS\System32\WindowsPowerShell\v1.0\;C:\WINDOWS\System32\OpenSSH\;C:\TDM-GCC-64\bin;C:\Users\Administrator\AppData\Local\Microsoft\WindowsApps;;C:\Users\Administrator\AppData\Local\Programs\Microsoft VS Code\bin;D:\Android\sdk;D:\Android\sdk\bin;D:\Android\flutter\bin;C:\WINDOWS\system32;
USERNAME=Administrator
OS=Windows_NT
PROCESSOR_IDENTIFIER=Intel64 Family 6 Model 61 Stepping 4, GenuineIntel



---------------  S Y S T E M  ---------------

OS: Windows 10 , 64 bit Build 18362 (10.0.18362.778)
OS uptime: 0 days 5:18 hours

CPU:total 4 (initial active 4) (2 cores per cpu, 2 threads per core) family 6 model 61 stepping 4, cmov, cx8, fxsr, mmx, sse, sse2, sse3, ssse3, sse4.1, sse4.2, popcnt, avx, avx2, aes, clmul, erms, 3dnowpref, lzcnt, ht, tsc, tscinvbit, bmi1, bmi2, adx, fma

Memory: 4k page, system-wide physical 4005M (387M free)
TotalPageFile size 16293M (AvailPageFile size 61M)
current process WorkingSet (physical memory assigned to process): 10M, peak: 10M
current process commit charge ("private bytes"): 51M, peak: 115M

vm_info: Java HotSpot(TM) 64-Bit Server VM (14.0.1+7) for windows-amd64 JRE (14.0.1+7), built on Mar  5 2020 10:30:14 by "mach5one" with MS VC++ 15.9 (VS2017)

END.
